<?xml version="1.0" encoding="UTF-8"?>
<!-- Generated by org.testng.reporters.JUnitXMLReporter -->
<testsuite hostname="DESKTOP-NALDS22" ignored="5" name="MyFirstProject(failed)" tests="4" failures="0" timestamp="09 Jun 2022 06:31:07 GMT" time="17.478" errors="0">
  <testcase name="TestCase_001" time="1.313" classname="com.webdriveruniversity.testcases.Login_Page_Test"/>
  <testcase name="TestCase_003" time="0.756" classname="com.webdriveruniversity.testcases.Login_Page_Test"/>
  <testcase name="TestCase_006" time="0.915" classname="com.webdriveruniversity.testcases.Buttons_Page_Test"/>
  <testcase name="TestCase_007" time="2.346" classname="com.webdriveruniversity.testcases.Buttons_Page_Test"/>
  <testcase name="TestCase_002" time="0.0" classname="com.webdriveruniversity.testcases.Login_Page_Test">
    <ignored/>
  </testcase> <!-- TestCase_002 -->
  <testcase name="TestCase_009" time="0.0" classname="com.webdriveruniversity.testcases.Buttons_Page_Test">
    <ignored/>
  </testcase> <!-- TestCase_009 -->
  <testcase name="TestCase_004" time="0.0" classname="com.webdriveruniversity.testcases.Login_Page_Test">
    <ignored/>
  </testcase> <!-- TestCase_004 -->
  <testcase name="TestCase_008" time="0.0" classname="com.webdriveruniversity.testcases.Buttons_Page_Test">
    <ignored/>
  </testcase> <!-- TestCase_008 -->
  <testcase name="TestCase_005" time="0.0" classname="com.webdriveruniversity.testcases.Login_Page_Test">
    <ignored/>
  </testcase> <!-- TestCase_005 -->
</testsuite> <!-- MyFirstProject(failed) -->
