<?xml version="1.0" encoding="UTF-8"?>
<testsuite xmlns:xsi="http://www.w3.org/2001/XMLSchema-instance" xsi:noNamespaceSchemaLocation="https://maven.apache.org/surefire/maven-surefire-plugin/xsd/surefire-test-report-3.0.xsd" version="3.0" name="TestSuite" time="14.559" tests="56" errors="0" skipped="49" failures="7">
  <properties>
[...]
</properties>
  <testcase name="Browser_Launch" classname="com.webdriveruniversity.testcases.Login_Page_Test" time="3.416">
    <failure message="session not created: This version of ChromeDriver only supports Chrome version 101&#10;Current browser version is 103.0.5060.66 with binary path C:\Users\sakka\AppData\Local\Google\Chrome\Application\chrome.exe&#10;Build info: version: &apos;3.141.59&apos;, revision: &apos;e82be7d358&apos;, time: &apos;2018-11-14T08:17:03&apos;&#10;System info: host: &apos;DESKTOP-NALDS22&apos;, ip: &apos;192.168.0.107&apos;, os.name: &apos;Windows 10&apos;, os.arch: &apos;amd64&apos;, os.version: &apos;10.0&apos;, java.version: &apos;1.8.0_333&apos;&#10;Driver info: driver.version: ChromeDriver&#10;remote stacktrace: Backtrace:&#10;	Ordinal0 [0x0071B8F3+2406643]&#10;	Ordinal0 [0x006AAF31+1945393]&#10;	Ordinal0 [0x0059C748+837448]&#10;	Ordinal0 [0x005BC8B3+968883]&#10;	Ordinal0 [0x005B84BA+951482]&#10;	Ordinal0 [0x005B5D71+941425]&#10;	Ordinal0 [0x005E8EE0+1150688]&#10;	Ordinal0 [0x005E8B3A+1149754]&#10;	Ordinal0 [0x005E4096+1130646]&#10;	Ordinal0 [0x005BE636+976438]&#10;	Ordinal0 [0x005BF546+980294]&#10;	GetHandleVerifier [0x00989612+2498066]&#10;	GetHandleVerifier [0x0097C920+2445600]&#10;	GetHandleVerifier [0x007B4F2A+579370]&#10;	GetHandleVerifier [0x007B3D36+574774]&#10;	Ordinal0 [0x006B1C0B+1973259]&#10;	Ordinal0 [0x006B6688+1992328]&#10;	Ordinal0 [0x006B6775+1992565]&#10;	Ordinal0 [0x006BF8D1+2029777]&#10;	BaseThreadInitThunk [0x7725FA29+25]&#10;	RtlGetAppContainerNamedObjectPath [0x77777A9E+286]&#10;	RtlGetAppContainerNamedObjectPath [0x77777A6E+238]&#10;" type="org.openqa.selenium.SessionNotCreatedException">org.openqa.selenium.SessionNotCreatedException: 
session not created: This version of ChromeDriver only supports Chrome version 101
Current browser version is 103.0.5060.66 with binary path C:\Users\sakka\AppData\Local\Google\Chrome\Application\chrome.exe
Build info: version: '3.141.59', revision: 'e82be7d358', time: '2018-11-14T08:17:03'
System info: host: 'DESKTOP-NALDS22', ip: '192.168.0.107', os.name: 'Windows 10', os.arch: 'amd64', os.version: '10.0', java.version: '1.8.0_333'
Driver info: driver.version: ChromeDriver
remote stacktrace: Backtrace:
	Ordinal0 [0x0071B8F3+2406643]
	Ordinal0 [0x006AAF31+1945393]
	Ordinal0 [0x0059C748+837448]
	Ordinal0 [0x005BC8B3+968883]
	Ordinal0 [0x005B84BA+951482]
	Ordinal0 [0x005B5D71+941425]
	Ordinal0 [0x005E8EE0+1150688]
	Ordinal0 [0x005E8B3A+1149754]
	Ordinal0 [0x005E4096+1130646]
	Ordinal0 [0x005BE636+976438]
	Ordinal0 [0x005BF546+980294]
	GetHandleVerifier [0x00989612+2498066]
	GetHandleVerifier [0x0097C920+2445600]
	GetHandleVerifier [0x007B4F2A+579370]
	GetHandleVerifier [0x007B3D36+574774]
	Ordinal0 [0x006B1C0B+1973259]
	Ordinal0 [0x006B6688+1992328]
	Ordinal0 [0x006B6775+1992565]
	Ordinal0 [0x006BF8D1+2029777]
	BaseThreadInitThunk [0x7725FA29+25]
	RtlGetAppContainerNamedObjectPath [0x77777A9E+286]
	RtlGetAppContainerNamedObjectPath [0x77777A6E+238]

</failure>
    <system-err><![CDATA[Starting ChromeDriver 101.0.4951.41 (93c720db8323b3ec10d056025ab95c23a31997c9-refs/branch-heads/4951@{#904}) on port 6106
Only local connections are allowed.
Please see https://chromedriver.chromium.org/security-considerations for suggestions on keeping ChromeDriver safe.
ChromeDriver was started successfully.
]]></system-err>
  </testcase>
  <testcase name="TestCase_001" classname="com.webdriveruniversity.testcases.Login_Page_Test" time="0">
    <skipped message="session not created: This version of ChromeDriver only supports Chrome version 101&#10;Current browser version is 103.0.5060.66 with binary path C:\Users\sakka\AppData\Local\Google\Chrome\Application\chrome.exe&#10;Build info: version: &apos;3.141.59&apos;, revision: &apos;e82be7d358&apos;, time: &apos;2018-11-14T08:17:03&apos;&#10;System info: host: &apos;DESKTOP-NALDS22&apos;, ip: &apos;192.168.0.107&apos;, os.name: &apos;Windows 10&apos;, os.arch: &apos;amd64&apos;, os.version: &apos;10.0&apos;, java.version: &apos;1.8.0_333&apos;&#10;Driver info: driver.version: ChromeDriver&#10;remote stacktrace: Backtrace:&#10;	Ordinal0 [0x0071B8F3+2406643]&#10;	Ordinal0 [0x006AAF31+1945393]&#10;	Ordinal0 [0x0059C748+837448]&#10;	Ordinal0 [0x005BC8B3+968883]&#10;	Ordinal0 [0x005B84BA+951482]&#10;	Ordinal0 [0x005B5D71+941425]&#10;	Ordinal0 [0x005E8EE0+1150688]&#10;	Ordinal0 [0x005E8B3A+1149754]&#10;	Ordinal0 [0x005E4096+1130646]&#10;	Ordinal0 [0x005BE636+976438]&#10;	Ordinal0 [0x005BF546+980294]&#10;	GetHandleVerifier [0x00989612+2498066]&#10;	GetHandleVerifier [0x0097C920+2445600]&#10;	GetHandleVerifier [0x007B4F2A+579370]&#10;	GetHandleVerifier [0x007B3D36+574774]&#10;	Ordinal0 [0x006B1C0B+1973259]&#10;	Ordinal0 [0x006B6688+1992328]&#10;	Ordinal0 [0x006B6775+1992565]&#10;	Ordinal0 [0x006BF8D1+2029777]&#10;	BaseThreadInitThunk [0x7725FA29+25]&#10;	RtlGetAppContainerNamedObjectPath [0x77777A9E+286]&#10;	RtlGetAppContainerNamedObjectPath [0x77777A6E+238]&#10;"/>
  </testcase>
  <testcase name="TestCase_002" classname="com.webdriveruniversity.testcases.Login_Page_Test" time="0">
    <skipped message="Method Login_Page_Test.TestCase_002()[pri:0, instance:com.webdriveruniversity.testcases.Login_Page_Test@6b143ee9] depends on not successfully finished methods"/>
  </testcase>
  <testcase name="TestCase_003" classname="com.webdriveruniversity.testcases.Login_Page_Test" time="0">
    <skipped message="Method Login_Page_Test.TestCase_003()[pri:0, instance:com.webdriveruniversity.testcases.Login_Page_Test@6b143ee9] depends on not successfully finished methods"/>
  </testcase>
  <testcase name="TestCase_004" classname="com.webdriveruniversity.testcases.Login_Page_Test" time="0">
    <skipped message="Method Login_Page_Test.TestCase_004()[pri:0, instance:com.webdriveruniversity.testcases.Login_Page_Test@6b143ee9] depends on not successfully finished methods"/>
  </testcase>
  <testcase name="TestCase_005" classname="com.webdriveruniversity.testcases.Login_Page_Test" time="0">
    <skipped message="Method Login_Page_Test.TestCase_005()[pri:0, instance:com.webdriveruniversity.testcases.Login_Page_Test@6b143ee9] depends on not successfully finished methods"/>
  </testcase>
  <testcase name="Browser_Close" classname="com.webdriveruniversity.testcases.Login_Page_Test" time="0">
    <skipped/>
  </testcase>
  <testcase name="Browser_Launch" classname="com.webdriveruniversity.testcases.Buttons_Page_Test" time="5.328">
    <failure message="session not created: This version of ChromeDriver only supports Chrome version 101&#10;Current browser version is 103.0.5060.66 with binary path C:\Users\sakka\AppData\Local\Google\Chrome\Application\chrome.exe&#10;Build info: version: &apos;3.141.59&apos;, revision: &apos;e82be7d358&apos;, time: &apos;2018-11-14T08:17:03&apos;&#10;System info: host: &apos;DESKTOP-NALDS22&apos;, ip: &apos;192.168.0.107&apos;, os.name: &apos;Windows 10&apos;, os.arch: &apos;amd64&apos;, os.version: &apos;10.0&apos;, java.version: &apos;1.8.0_333&apos;&#10;Driver info: driver.version: ChromeDriver&#10;remote stacktrace: Backtrace:&#10;	Ordinal0 [0x0071B8F3+2406643]&#10;	Ordinal0 [0x006AAF31+1945393]&#10;	Ordinal0 [0x0059C748+837448]&#10;	Ordinal0 [0x005BC8B3+968883]&#10;	Ordinal0 [0x005B84BA+951482]&#10;	Ordinal0 [0x005B5D71+941425]&#10;	Ordinal0 [0x005E8EE0+1150688]&#10;	Ordinal0 [0x005E8B3A+1149754]&#10;	Ordinal0 [0x005E4096+1130646]&#10;	Ordinal0 [0x005BE636+976438]&#10;	Ordinal0 [0x005BF546+980294]&#10;	GetHandleVerifier [0x00989612+2498066]&#10;	GetHandleVerifier [0x0097C920+2445600]&#10;	GetHandleVerifier [0x007B4F2A+579370]&#10;	GetHandleVerifier [0x007B3D36+574774]&#10;	Ordinal0 [0x006B1C0B+1973259]&#10;	Ordinal0 [0x006B6688+1992328]&#10;	Ordinal0 [0x006B6775+1992565]&#10;	Ordinal0 [0x006BF8D1+2029777]&#10;	BaseThreadInitThunk [0x7725FA29+25]&#10;	RtlGetAppContainerNamedObjectPath [0x77777A9E+286]&#10;	RtlGetAppContainerNamedObjectPath [0x77777A6E+238]&#10;" type="org.openqa.selenium.SessionNotCreatedException">org.openqa.selenium.SessionNotCreatedException: 
session not created: This version of ChromeDriver only supports Chrome version 101
Current browser version is 103.0.5060.66 with binary path C:\Users\sakka\AppData\Local\Google\Chrome\Application\chrome.exe
Build info: version: '3.141.59', revision: 'e82be7d358', time: '2018-11-14T08:17:03'
System info: host: 'DESKTOP-NALDS22', ip: '192.168.0.107', os.name: 'Windows 10', os.arch: 'amd64', os.version: '10.0', java.version: '1.8.0_333'
Driver info: driver.version: ChromeDriver
remote stacktrace: Backtrace:
	Ordinal0 [0x0071B8F3+2406643]
	Ordinal0 [0x006AAF31+1945393]
	Ordinal0 [0x0059C748+837448]
	Ordinal0 [0x005BC8B3+968883]
	Ordinal0 [0x005B84BA+951482]
	Ordinal0 [0x005B5D71+941425]
	Ordinal0 [0x005E8EE0+1150688]
	Ordinal0 [0x005E8B3A+1149754]
	Ordinal0 [0x005E4096+1130646]
	Ordinal0 [0x005BE636+976438]
	Ordinal0 [0x005BF546+980294]
	GetHandleVerifier [0x00989612+2498066]
	GetHandleVerifier [0x0097C920+2445600]
	GetHandleVerifier [0x007B4F2A+579370]
	GetHandleVerifier [0x007B3D36+574774]
	Ordinal0 [0x006B1C0B+1973259]
	Ordinal0 [0x006B6688+1992328]
	Ordinal0 [0x006B6775+1992565]
	Ordinal0 [0x006BF8D1+2029777]
	BaseThreadInitThunk [0x7725FA29+25]
	RtlGetAppContainerNamedObjectPath [0x77777A9E+286]
	RtlGetAppContainerNamedObjectPath [0x77777A6E+238]

</failure>
    <system-err><![CDATA[Starting ChromeDriver 101.0.4951.41 (93c720db8323b3ec10d056025ab95c23a31997c9-refs/branch-heads/4951@{#904}) on port 48504
Only local connections are allowed.
Please see https://chromedriver.chromium.org/security-considerations for suggestions on keeping ChromeDriver safe.
ChromeDriver was started successfully.
]]></system-err>
  </testcase>
  <testcase name="TestCase_006" classname="com.webdriveruniversity.testcases.Buttons_Page_Test" time="0">
    <skipped message="session not created: This version of ChromeDriver only supports Chrome version 101&#10;Current browser version is 103.0.5060.66 with binary path C:\Users\sakka\AppData\Local\Google\Chrome\Application\chrome.exe&#10;Build info: version: &apos;3.141.59&apos;, revision: &apos;e82be7d358&apos;, time: &apos;2018-11-14T08:17:03&apos;&#10;System info: host: &apos;DESKTOP-NALDS22&apos;, ip: &apos;192.168.0.107&apos;, os.name: &apos;Windows 10&apos;, os.arch: &apos;amd64&apos;, os.version: &apos;10.0&apos;, java.version: &apos;1.8.0_333&apos;&#10;Driver info: driver.version: ChromeDriver&#10;remote stacktrace: Backtrace:&#10;	Ordinal0 [0x0071B8F3+2406643]&#10;	Ordinal0 [0x006AAF31+1945393]&#10;	Ordinal0 [0x0059C748+837448]&#10;	Ordinal0 [0x005BC8B3+968883]&#10;	Ordinal0 [0x005B84BA+951482]&#10;	Ordinal0 [0x005B5D71+941425]&#10;	Ordinal0 [0x005E8EE0+1150688]&#10;	Ordinal0 [0x005E8B3A+1149754]&#10;	Ordinal0 [0x005E4096+1130646]&#10;	Ordinal0 [0x005BE636+976438]&#10;	Ordinal0 [0x005BF546+980294]&#10;	GetHandleVerifier [0x00989612+2498066]&#10;	GetHandleVerifier [0x0097C920+2445600]&#10;	GetHandleVerifier [0x007B4F2A+579370]&#10;	GetHandleVerifier [0x007B3D36+574774]&#10;	Ordinal0 [0x006B1C0B+1973259]&#10;	Ordinal0 [0x006B6688+1992328]&#10;	Ordinal0 [0x006B6775+1992565]&#10;	Ordinal0 [0x006BF8D1+2029777]&#10;	BaseThreadInitThunk [0x7725FA29+25]&#10;	RtlGetAppContainerNamedObjectPath [0x77777A9E+286]&#10;	RtlGetAppContainerNamedObjectPath [0x77777A6E+238]&#10;"/>
  </testcase>
  <testcase name="TestCase_007" classname="com.webdriveruniversity.testcases.Buttons_Page_Test" time="0">
    <skipped message="Method Buttons_Page_Test.TestCase_007()[pri:0, instance:com.webdriveruniversity.testcases.Buttons_Page_Test@1936f0f5] depends on not successfully finished methods"/>
  </testcase>
  <testcase name="TestCase_008" classname="com.webdriveruniversity.testcases.Buttons_Page_Test" time="0">
    <skipped message="Method Buttons_Page_Test.TestCase_008()[pri:0, instance:com.webdriveruniversity.testcases.Buttons_Page_Test@1936f0f5] depends on not successfully finished methods"/>
  </testcase>
  <testcase name="TestCase_009" classname="com.webdriveruniversity.testcases.Buttons_Page_Test" time="0">
    <skipped message="Method Buttons_Page_Test.TestCase_009()[pri:0, instance:com.webdriveruniversity.testcases.Buttons_Page_Test@1936f0f5] depends on not successfully finished methods"/>
  </testcase>
  <testcase name="Browser_Close" classname="com.webdriveruniversity.testcases.Buttons_Page_Test" time="0">
    <skipped/>
  </testcase>
  <testcase name="Browser_Launch" classname="com.webdriveruniversity.testcases.To_do_List_Test" time="7.084">
    <failure message="session not created: This version of ChromeDriver only supports Chrome version 101&#10;Current browser version is 103.0.5060.66 with binary path C:\Users\sakka\AppData\Local\Google\Chrome\Application\chrome.exe&#10;Build info: version: &apos;3.141.59&apos;, revision: &apos;e82be7d358&apos;, time: &apos;2018-11-14T08:17:03&apos;&#10;System info: host: &apos;DESKTOP-NALDS22&apos;, ip: &apos;192.168.0.107&apos;, os.name: &apos;Windows 10&apos;, os.arch: &apos;amd64&apos;, os.version: &apos;10.0&apos;, java.version: &apos;1.8.0_333&apos;&#10;Driver info: driver.version: ChromeDriver&#10;remote stacktrace: Backtrace:&#10;	Ordinal0 [0x0071B8F3+2406643]&#10;	Ordinal0 [0x006AAF31+1945393]&#10;	Ordinal0 [0x0059C748+837448]&#10;	Ordinal0 [0x005BC8B3+968883]&#10;	Ordinal0 [0x005B84BA+951482]&#10;	Ordinal0 [0x005B5D71+941425]&#10;	Ordinal0 [0x005E8EE0+1150688]&#10;	Ordinal0 [0x005E8B3A+1149754]&#10;	Ordinal0 [0x005E4096+1130646]&#10;	Ordinal0 [0x005BE636+976438]&#10;	Ordinal0 [0x005BF546+980294]&#10;	GetHandleVerifier [0x00989612+2498066]&#10;	GetHandleVerifier [0x0097C920+2445600]&#10;	GetHandleVerifier [0x007B4F2A+579370]&#10;	GetHandleVerifier [0x007B3D36+574774]&#10;	Ordinal0 [0x006B1C0B+1973259]&#10;	Ordinal0 [0x006B6688+1992328]&#10;	Ordinal0 [0x006B6775+1992565]&#10;	Ordinal0 [0x006BF8D1+2029777]&#10;	BaseThreadInitThunk [0x7725FA29+25]&#10;	RtlGetAppContainerNamedObjectPath [0x77777A9E+286]&#10;	RtlGetAppContainerNamedObjectPath [0x77777A6E+238]&#10;" type="org.openqa.selenium.SessionNotCreatedException">org.openqa.selenium.SessionNotCreatedException: 
session not created: This version of ChromeDriver only supports Chrome version 101
Current browser version is 103.0.5060.66 with binary path C:\Users\sakka\AppData\Local\Google\Chrome\Application\chrome.exe
Build info: version: '3.141.59', revision: 'e82be7d358', time: '2018-11-14T08:17:03'
System info: host: 'DESKTOP-NALDS22', ip: '192.168.0.107', os.name: 'Windows 10', os.arch: 'amd64', os.version: '10.0', java.version: '1.8.0_333'
Driver info: driver.version: ChromeDriver
remote stacktrace: Backtrace:
	Ordinal0 [0x0071B8F3+2406643]
	Ordinal0 [0x006AAF31+1945393]
	Ordinal0 [0x0059C748+837448]
	Ordinal0 [0x005BC8B3+968883]
	Ordinal0 [0x005B84BA+951482]
	Ordinal0 [0x005B5D71+941425]
	Ordinal0 [0x005E8EE0+1150688]
	Ordinal0 [0x005E8B3A+1149754]
	Ordinal0 [0x005E4096+1130646]
	Ordinal0 [0x005BE636+976438]
	Ordinal0 [0x005BF546+980294]
	GetHandleVerifier [0x00989612+2498066]
	GetHandleVerifier [0x0097C920+2445600]
	GetHandleVerifier [0x007B4F2A+579370]
	GetHandleVerifier [0x007B3D36+574774]
	Ordinal0 [0x006B1C0B+1973259]
	Ordinal0 [0x006B6688+1992328]
	Ordinal0 [0x006B6775+1992565]
	Ordinal0 [0x006BF8D1+2029777]
	BaseThreadInitThunk [0x7725FA29+25]
	RtlGetAppContainerNamedObjectPath [0x77777A9E+286]
	RtlGetAppContainerNamedObjectPath [0x77777A6E+238]

</failure>
    <system-err><![CDATA[Starting ChromeDriver 101.0.4951.41 (93c720db8323b3ec10d056025ab95c23a31997c9-refs/branch-heads/4951@{#904}) on port 30801
Only local connections are allowed.
Please see https://chromedriver.chromium.org/security-considerations for suggestions on keeping ChromeDriver safe.
ChromeDriver was started successfully.
]]></system-err>
  </testcase>
  <testcase name="Test_Case_010" classname="com.webdriveruniversity.testcases.To_do_List_Test" time="0">
    <skipped message="session not created: This version of ChromeDriver only supports Chrome version 101&#10;Current browser version is 103.0.5060.66 with binary path C:\Users\sakka\AppData\Local\Google\Chrome\Application\chrome.exe&#10;Build info: version: &apos;3.141.59&apos;, revision: &apos;e82be7d358&apos;, time: &apos;2018-11-14T08:17:03&apos;&#10;System info: host: &apos;DESKTOP-NALDS22&apos;, ip: &apos;192.168.0.107&apos;, os.name: &apos;Windows 10&apos;, os.arch: &apos;amd64&apos;, os.version: &apos;10.0&apos;, java.version: &apos;1.8.0_333&apos;&#10;Driver info: driver.version: ChromeDriver&#10;remote stacktrace: Backtrace:&#10;	Ordinal0 [0x0071B8F3+2406643]&#10;	Ordinal0 [0x006AAF31+1945393]&#10;	Ordinal0 [0x0059C748+837448]&#10;	Ordinal0 [0x005BC8B3+968883]&#10;	Ordinal0 [0x005B84BA+951482]&#10;	Ordinal0 [0x005B5D71+941425]&#10;	Ordinal0 [0x005E8EE0+1150688]&#10;	Ordinal0 [0x005E8B3A+1149754]&#10;	Ordinal0 [0x005E4096+1130646]&#10;	Ordinal0 [0x005BE636+976438]&#10;	Ordinal0 [0x005BF546+980294]&#10;	GetHandleVerifier [0x00989612+2498066]&#10;	GetHandleVerifier [0x0097C920+2445600]&#10;	GetHandleVerifier [0x007B4F2A+579370]&#10;	GetHandleVerifier [0x007B3D36+574774]&#10;	Ordinal0 [0x006B1C0B+1973259]&#10;	Ordinal0 [0x006B6688+1992328]&#10;	Ordinal0 [0x006B6775+1992565]&#10;	Ordinal0 [0x006BF8D1+2029777]&#10;	BaseThreadInitThunk [0x7725FA29+25]&#10;	RtlGetAppContainerNamedObjectPath [0x77777A9E+286]&#10;	RtlGetAppContainerNamedObjectPath [0x77777A6E+238]&#10;"/>
  </testcase>
  <testcase name="Test_Case_011" classname="com.webdriveruniversity.testcases.To_do_List_Test" time="0">
    <skipped message="session not created: This version of ChromeDriver only supports Chrome version 101&#10;Current browser version is 103.0.5060.66 with binary path C:\Users\sakka\AppData\Local\Google\Chrome\Application\chrome.exe&#10;Build info: version: &apos;3.141.59&apos;, revision: &apos;e82be7d358&apos;, time: &apos;2018-11-14T08:17:03&apos;&#10;System info: host: &apos;DESKTOP-NALDS22&apos;, ip: &apos;192.168.0.107&apos;, os.name: &apos;Windows 10&apos;, os.arch: &apos;amd64&apos;, os.version: &apos;10.0&apos;, java.version: &apos;1.8.0_333&apos;&#10;Driver info: driver.version: ChromeDriver&#10;remote stacktrace: Backtrace:&#10;	Ordinal0 [0x0071B8F3+2406643]&#10;	Ordinal0 [0x006AAF31+1945393]&#10;	Ordinal0 [0x0059C748+837448]&#10;	Ordinal0 [0x005BC8B3+968883]&#10;	Ordinal0 [0x005B84BA+951482]&#10;	Ordinal0 [0x005B5D71+941425]&#10;	Ordinal0 [0x005E8EE0+1150688]&#10;	Ordinal0 [0x005E8B3A+1149754]&#10;	Ordinal0 [0x005E4096+1130646]&#10;	Ordinal0 [0x005BE636+976438]&#10;	Ordinal0 [0x005BF546+980294]&#10;	GetHandleVerifier [0x00989612+2498066]&#10;	GetHandleVerifier [0x0097C920+2445600]&#10;	GetHandleVerifier [0x007B4F2A+579370]&#10;	GetHandleVerifier [0x007B3D36+574774]&#10;	Ordinal0 [0x006B1C0B+1973259]&#10;	Ordinal0 [0x006B6688+1992328]&#10;	Ordinal0 [0x006B6775+1992565]&#10;	Ordinal0 [0x006BF8D1+2029777]&#10;	BaseThreadInitThunk [0x7725FA29+25]&#10;	RtlGetAppContainerNamedObjectPath [0x77777A9E+286]&#10;	RtlGetAppContainerNamedObjectPath [0x77777A6E+238]&#10;"/>
  </testcase>
  <testcase name="Test_Case_012" classname="com.webdriveruniversity.testcases.To_do_List_Test" time="0">
    <skipped message="session not created: This version of ChromeDriver only supports Chrome version 101&#10;Current browser version is 103.0.5060.66 with binary path C:\Users\sakka\AppData\Local\Google\Chrome\Application\chrome.exe&#10;Build info: version: &apos;3.141.59&apos;, revision: &apos;e82be7d358&apos;, time: &apos;2018-11-14T08:17:03&apos;&#10;System info: host: &apos;DESKTOP-NALDS22&apos;, ip: &apos;192.168.0.107&apos;, os.name: &apos;Windows 10&apos;, os.arch: &apos;amd64&apos;, os.version: &apos;10.0&apos;, java.version: &apos;1.8.0_333&apos;&#10;Driver info: driver.version: ChromeDriver&#10;remote stacktrace: Backtrace:&#10;	Ordinal0 [0x0071B8F3+2406643]&#10;	Ordinal0 [0x006AAF31+1945393]&#10;	Ordinal0 [0x0059C748+837448]&#10;	Ordinal0 [0x005BC8B3+968883]&#10;	Ordinal0 [0x005B84BA+951482]&#10;	Ordinal0 [0x005B5D71+941425]&#10;	Ordinal0 [0x005E8EE0+1150688]&#10;	Ordinal0 [0x005E8B3A+1149754]&#10;	Ordinal0 [0x005E4096+1130646]&#10;	Ordinal0 [0x005BE636+976438]&#10;	Ordinal0 [0x005BF546+980294]&#10;	GetHandleVerifier [0x00989612+2498066]&#10;	GetHandleVerifier [0x0097C920+2445600]&#10;	GetHandleVerifier [0x007B4F2A+579370]&#10;	GetHandleVerifier [0x007B3D36+574774]&#10;	Ordinal0 [0x006B1C0B+1973259]&#10;	Ordinal0 [0x006B6688+1992328]&#10;	Ordinal0 [0x006B6775+1992565]&#10;	Ordinal0 [0x006BF8D1+2029777]&#10;	BaseThreadInitThunk [0x7725FA29+25]&#10;	RtlGetAppContainerNamedObjectPath [0x77777A9E+286]&#10;	RtlGetAppContainerNamedObjectPath [0x77777A6E+238]&#10;"/>
  </testcase>
  <testcase name="Test_Case_013" classname="com.webdriveruniversity.testcases.To_do_List_Test" time="0">
    <skipped message="session not created: This version of ChromeDriver only supports Chrome version 101&#10;Current browser version is 103.0.5060.66 with binary path C:\Users\sakka\AppData\Local\Google\Chrome\Application\chrome.exe&#10;Build info: version: &apos;3.141.59&apos;, revision: &apos;e82be7d358&apos;, time: &apos;2018-11-14T08:17:03&apos;&#10;System info: host: &apos;DESKTOP-NALDS22&apos;, ip: &apos;192.168.0.107&apos;, os.name: &apos;Windows 10&apos;, os.arch: &apos;amd64&apos;, os.version: &apos;10.0&apos;, java.version: &apos;1.8.0_333&apos;&#10;Driver info: driver.version: ChromeDriver&#10;remote stacktrace: Backtrace:&#10;	Ordinal0 [0x0071B8F3+2406643]&#10;	Ordinal0 [0x006AAF31+1945393]&#10;	Ordinal0 [0x0059C748+837448]&#10;	Ordinal0 [0x005BC8B3+968883]&#10;	Ordinal0 [0x005B84BA+951482]&#10;	Ordinal0 [0x005B5D71+941425]&#10;	Ordinal0 [0x005E8EE0+1150688]&#10;	Ordinal0 [0x005E8B3A+1149754]&#10;	Ordinal0 [0x005E4096+1130646]&#10;	Ordinal0 [0x005BE636+976438]&#10;	Ordinal0 [0x005BF546+980294]&#10;	GetHandleVerifier [0x00989612+2498066]&#10;	GetHandleVerifier [0x0097C920+2445600]&#10;	GetHandleVerifier [0x007B4F2A+579370]&#10;	GetHandleVerifier [0x007B3D36+574774]&#10;	Ordinal0 [0x006B1C0B+1973259]&#10;	Ordinal0 [0x006B6688+1992328]&#10;	Ordinal0 [0x006B6775+1992565]&#10;	Ordinal0 [0x006BF8D1+2029777]&#10;	BaseThreadInitThunk [0x7725FA29+25]&#10;	RtlGetAppContainerNamedObjectPath [0x77777A9E+286]&#10;	RtlGetAppContainerNamedObjectPath [0x77777A6E+238]&#10;"/>
  </testcase>
  <testcase name="Test_Case_014" classname="com.webdriveruniversity.testcases.To_do_List_Test" time="0">
    <skipped message="session not created: This version of ChromeDriver only supports Chrome version 101&#10;Current browser version is 103.0.5060.66 with binary path C:\Users\sakka\AppData\Local\Google\Chrome\Application\chrome.exe&#10;Build info: version: &apos;3.141.59&apos;, revision: &apos;e82be7d358&apos;, time: &apos;2018-11-14T08:17:03&apos;&#10;System info: host: &apos;DESKTOP-NALDS22&apos;, ip: &apos;192.168.0.107&apos;, os.name: &apos;Windows 10&apos;, os.arch: &apos;amd64&apos;, os.version: &apos;10.0&apos;, java.version: &apos;1.8.0_333&apos;&#10;Driver info: driver.version: ChromeDriver&#10;remote stacktrace: Backtrace:&#10;	Ordinal0 [0x0071B8F3+2406643]&#10;	Ordinal0 [0x006AAF31+1945393]&#10;	Ordinal0 [0x0059C748+837448]&#10;	Ordinal0 [0x005BC8B3+968883]&#10;	Ordinal0 [0x005B84BA+951482]&#10;	Ordinal0 [0x005B5D71+941425]&#10;	Ordinal0 [0x005E8EE0+1150688]&#10;	Ordinal0 [0x005E8B3A+1149754]&#10;	Ordinal0 [0x005E4096+1130646]&#10;	Ordinal0 [0x005BE636+976438]&#10;	Ordinal0 [0x005BF546+980294]&#10;	GetHandleVerifier [0x00989612+2498066]&#10;	GetHandleVerifier [0x0097C920+2445600]&#10;	GetHandleVerifier [0x007B4F2A+579370]&#10;	GetHandleVerifier [0x007B3D36+574774]&#10;	Ordinal0 [0x006B1C0B+1973259]&#10;	Ordinal0 [0x006B6688+1992328]&#10;	Ordinal0 [0x006B6775+1992565]&#10;	Ordinal0 [0x006BF8D1+2029777]&#10;	BaseThreadInitThunk [0x7725FA29+25]&#10;	RtlGetAppContainerNamedObjectPath [0x77777A9E+286]&#10;	RtlGetAppContainerNamedObjectPath [0x77777A6E+238]&#10;"/>
  </testcase>
  <testcase name="Test_Case_015" classname="com.webdriveruniversity.testcases.To_do_List_Test" time="0">
    <skipped message="session not created: This version of ChromeDriver only supports Chrome version 101&#10;Current browser version is 103.0.5060.66 with binary path C:\Users\sakka\AppData\Local\Google\Chrome\Application\chrome.exe&#10;Build info: version: &apos;3.141.59&apos;, revision: &apos;e82be7d358&apos;, time: &apos;2018-11-14T08:17:03&apos;&#10;System info: host: &apos;DESKTOP-NALDS22&apos;, ip: &apos;192.168.0.107&apos;, os.name: &apos;Windows 10&apos;, os.arch: &apos;amd64&apos;, os.version: &apos;10.0&apos;, java.version: &apos;1.8.0_333&apos;&#10;Driver info: driver.version: ChromeDriver&#10;remote stacktrace: Backtrace:&#10;	Ordinal0 [0x0071B8F3+2406643]&#10;	Ordinal0 [0x006AAF31+1945393]&#10;	Ordinal0 [0x0059C748+837448]&#10;	Ordinal0 [0x005BC8B3+968883]&#10;	Ordinal0 [0x005B84BA+951482]&#10;	Ordinal0 [0x005B5D71+941425]&#10;	Ordinal0 [0x005E8EE0+1150688]&#10;	Ordinal0 [0x005E8B3A+1149754]&#10;	Ordinal0 [0x005E4096+1130646]&#10;	Ordinal0 [0x005BE636+976438]&#10;	Ordinal0 [0x005BF546+980294]&#10;	GetHandleVerifier [0x00989612+2498066]&#10;	GetHandleVerifier [0x0097C920+2445600]&#10;	GetHandleVerifier [0x007B4F2A+579370]&#10;	GetHandleVerifier [0x007B3D36+574774]&#10;	Ordinal0 [0x006B1C0B+1973259]&#10;	Ordinal0 [0x006B6688+1992328]&#10;	Ordinal0 [0x006B6775+1992565]&#10;	Ordinal0 [0x006BF8D1+2029777]&#10;	BaseThreadInitThunk [0x7725FA29+25]&#10;	RtlGetAppContainerNamedObjectPath [0x77777A9E+286]&#10;	RtlGetAppContainerNamedObjectPath [0x77777A6E+238]&#10;"/>
  </testcase>
  <testcase name="Test_Case_016" classname="com.webdriveruniversity.testcases.To_do_List_Test" time="0">
    <skipped message="session not created: This version of ChromeDriver only supports Chrome version 101&#10;Current browser version is 103.0.5060.66 with binary path C:\Users\sakka\AppData\Local\Google\Chrome\Application\chrome.exe&#10;Build info: version: &apos;3.141.59&apos;, revision: &apos;e82be7d358&apos;, time: &apos;2018-11-14T08:17:03&apos;&#10;System info: host: &apos;DESKTOP-NALDS22&apos;, ip: &apos;192.168.0.107&apos;, os.name: &apos;Windows 10&apos;, os.arch: &apos;amd64&apos;, os.version: &apos;10.0&apos;, java.version: &apos;1.8.0_333&apos;&#10;Driver info: driver.version: ChromeDriver&#10;remote stacktrace: Backtrace:&#10;	Ordinal0 [0x0071B8F3+2406643]&#10;	Ordinal0 [0x006AAF31+1945393]&#10;	Ordinal0 [0x0059C748+837448]&#10;	Ordinal0 [0x005BC8B3+968883]&#10;	Ordinal0 [0x005B84BA+951482]&#10;	Ordinal0 [0x005B5D71+941425]&#10;	Ordinal0 [0x005E8EE0+1150688]&#10;	Ordinal0 [0x005E8B3A+1149754]&#10;	Ordinal0 [0x005E4096+1130646]&#10;	Ordinal0 [0x005BE636+976438]&#10;	Ordinal0 [0x005BF546+980294]&#10;	GetHandleVerifier [0x00989612+2498066]&#10;	GetHandleVerifier [0x0097C920+2445600]&#10;	GetHandleVerifier [0x007B4F2A+579370]&#10;	GetHandleVerifier [0x007B3D36+574774]&#10;	Ordinal0 [0x006B1C0B+1973259]&#10;	Ordinal0 [0x006B6688+1992328]&#10;	Ordinal0 [0x006B6775+1992565]&#10;	Ordinal0 [0x006BF8D1+2029777]&#10;	BaseThreadInitThunk [0x7725FA29+25]&#10;	RtlGetAppContainerNamedObjectPath [0x77777A9E+286]&#10;	RtlGetAppContainerNamedObjectPath [0x77777A6E+238]&#10;"/>
  </testcase>
  <testcase name="Test_Case_017" classname="com.webdriveruniversity.testcases.To_do_List_Test" time="0">
    <skipped message="session not created: This version of ChromeDriver only supports Chrome version 101&#10;Current browser version is 103.0.5060.66 with binary path C:\Users\sakka\AppData\Local\Google\Chrome\Application\chrome.exe&#10;Build info: version: &apos;3.141.59&apos;, revision: &apos;e82be7d358&apos;, time: &apos;2018-11-14T08:17:03&apos;&#10;System info: host: &apos;DESKTOP-NALDS22&apos;, ip: &apos;192.168.0.107&apos;, os.name: &apos;Windows 10&apos;, os.arch: &apos;amd64&apos;, os.version: &apos;10.0&apos;, java.version: &apos;1.8.0_333&apos;&#10;Driver info: driver.version: ChromeDriver&#10;remote stacktrace: Backtrace:&#10;	Ordinal0 [0x0071B8F3+2406643]&#10;	Ordinal0 [0x006AAF31+1945393]&#10;	Ordinal0 [0x0059C748+837448]&#10;	Ordinal0 [0x005BC8B3+968883]&#10;	Ordinal0 [0x005B84BA+951482]&#10;	Ordinal0 [0x005B5D71+941425]&#10;	Ordinal0 [0x005E8EE0+1150688]&#10;	Ordinal0 [0x005E8B3A+1149754]&#10;	Ordinal0 [0x005E4096+1130646]&#10;	Ordinal0 [0x005BE636+976438]&#10;	Ordinal0 [0x005BF546+980294]&#10;	GetHandleVerifier [0x00989612+2498066]&#10;	GetHandleVerifier [0x0097C920+2445600]&#10;	GetHandleVerifier [0x007B4F2A+579370]&#10;	GetHandleVerifier [0x007B3D36+574774]&#10;	Ordinal0 [0x006B1C0B+1973259]&#10;	Ordinal0 [0x006B6688+1992328]&#10;	Ordinal0 [0x006B6775+1992565]&#10;	Ordinal0 [0x006BF8D1+2029777]&#10;	BaseThreadInitThunk [0x7725FA29+25]&#10;	RtlGetAppContainerNamedObjectPath [0x77777A9E+286]&#10;	RtlGetAppContainerNamedObjectPath [0x77777A6E+238]&#10;"/>
  </testcase>
  <testcase name="Test_Case_018" classname="com.webdriveruniversity.testcases.To_do_List_Test" time="0">
    <skipped message="session not created: This version of ChromeDriver only supports Chrome version 101&#10;Current browser version is 103.0.5060.66 with binary path C:\Users\sakka\AppData\Local\Google\Chrome\Application\chrome.exe&#10;Build info: version: &apos;3.141.59&apos;, revision: &apos;e82be7d358&apos;, time: &apos;2018-11-14T08:17:03&apos;&#10;System info: host: &apos;DESKTOP-NALDS22&apos;, ip: &apos;192.168.0.107&apos;, os.name: &apos;Windows 10&apos;, os.arch: &apos;amd64&apos;, os.version: &apos;10.0&apos;, java.version: &apos;1.8.0_333&apos;&#10;Driver info: driver.version: ChromeDriver&#10;remote stacktrace: Backtrace:&#10;	Ordinal0 [0x0071B8F3+2406643]&#10;	Ordinal0 [0x006AAF31+1945393]&#10;	Ordinal0 [0x0059C748+837448]&#10;	Ordinal0 [0x005BC8B3+968883]&#10;	Ordinal0 [0x005B84BA+951482]&#10;	Ordinal0 [0x005B5D71+941425]&#10;	Ordinal0 [0x005E8EE0+1150688]&#10;	Ordinal0 [0x005E8B3A+1149754]&#10;	Ordinal0 [0x005E4096+1130646]&#10;	Ordinal0 [0x005BE636+976438]&#10;	Ordinal0 [0x005BF546+980294]&#10;	GetHandleVerifier [0x00989612+2498066]&#10;	GetHandleVerifier [0x0097C920+2445600]&#10;	GetHandleVerifier [0x007B4F2A+579370]&#10;	GetHandleVerifier [0x007B3D36+574774]&#10;	Ordinal0 [0x006B1C0B+1973259]&#10;	Ordinal0 [0x006B6688+1992328]&#10;	Ordinal0 [0x006B6775+1992565]&#10;	Ordinal0 [0x006BF8D1+2029777]&#10;	BaseThreadInitThunk [0x7725FA29+25]&#10;	RtlGetAppContainerNamedObjectPath [0x77777A9E+286]&#10;	RtlGetAppContainerNamedObjectPath [0x77777A6E+238]&#10;"/>
  </testcase>
  <testcase name="Browser_Close" classname="com.webdriveruniversity.testcases.To_do_List_Test" time="0">
    <skipped/>
  </testcase>
  <testcase name="Browser_Launch" classname="com.webdriveruniversity.testcases.DCR_Page_Test" time="8.948">
    <failure message="session not created: This version of ChromeDriver only supports Chrome version 101&#10;Current browser version is 103.0.5060.66 with binary path C:\Users\sakka\AppData\Local\Google\Chrome\Application\chrome.exe&#10;Build info: version: &apos;3.141.59&apos;, revision: &apos;e82be7d358&apos;, time: &apos;2018-11-14T08:17:03&apos;&#10;System info: host: &apos;DESKTOP-NALDS22&apos;, ip: &apos;192.168.0.107&apos;, os.name: &apos;Windows 10&apos;, os.arch: &apos;amd64&apos;, os.version: &apos;10.0&apos;, java.version: &apos;1.8.0_333&apos;&#10;Driver info: driver.version: ChromeDriver&#10;remote stacktrace: Backtrace:&#10;	Ordinal0 [0x0071B8F3+2406643]&#10;	Ordinal0 [0x006AAF31+1945393]&#10;	Ordinal0 [0x0059C748+837448]&#10;	Ordinal0 [0x005BC8B3+968883]&#10;	Ordinal0 [0x005B84BA+951482]&#10;	Ordinal0 [0x005B5D71+941425]&#10;	Ordinal0 [0x005E8EE0+1150688]&#10;	Ordinal0 [0x005E8B3A+1149754]&#10;	Ordinal0 [0x005E4096+1130646]&#10;	Ordinal0 [0x005BE636+976438]&#10;	Ordinal0 [0x005BF546+980294]&#10;	GetHandleVerifier [0x00989612+2498066]&#10;	GetHandleVerifier [0x0097C920+2445600]&#10;	GetHandleVerifier [0x007B4F2A+579370]&#10;	GetHandleVerifier [0x007B3D36+574774]&#10;	Ordinal0 [0x006B1C0B+1973259]&#10;	Ordinal0 [0x006B6688+1992328]&#10;	Ordinal0 [0x006B6775+1992565]&#10;	Ordinal0 [0x006BF8D1+2029777]&#10;	BaseThreadInitThunk [0x7725FA29+25]&#10;	RtlGetAppContainerNamedObjectPath [0x77777A9E+286]&#10;	RtlGetAppContainerNamedObjectPath [0x77777A6E+238]&#10;" type="org.openqa.selenium.SessionNotCreatedException">org.openqa.selenium.SessionNotCreatedException: 
session not created: This version of ChromeDriver only supports Chrome version 101
Current browser version is 103.0.5060.66 with binary path C:\Users\sakka\AppData\Local\Google\Chrome\Application\chrome.exe
Build info: version: '3.141.59', revision: 'e82be7d358', time: '2018-11-14T08:17:03'
System info: host: 'DESKTOP-NALDS22', ip: '192.168.0.107', os.name: 'Windows 10', os.arch: 'amd64', os.version: '10.0', java.version: '1.8.0_333'
Driver info: driver.version: ChromeDriver
remote stacktrace: Backtrace:
	Ordinal0 [0x0071B8F3+2406643]
	Ordinal0 [0x006AAF31+1945393]
	Ordinal0 [0x0059C748+837448]
	Ordinal0 [0x005BC8B3+968883]
	Ordinal0 [0x005B84BA+951482]
	Ordinal0 [0x005B5D71+941425]
	Ordinal0 [0x005E8EE0+1150688]
	Ordinal0 [0x005E8B3A+1149754]
	Ordinal0 [0x005E4096+1130646]
	Ordinal0 [0x005BE636+976438]
	Ordinal0 [0x005BF546+980294]
	GetHandleVerifier [0x00989612+2498066]
	GetHandleVerifier [0x0097C920+2445600]
	GetHandleVerifier [0x007B4F2A+579370]
	GetHandleVerifier [0x007B3D36+574774]
	Ordinal0 [0x006B1C0B+1973259]
	Ordinal0 [0x006B6688+1992328]
	Ordinal0 [0x006B6775+1992565]
	Ordinal0 [0x006BF8D1+2029777]
	BaseThreadInitThunk [0x7725FA29+25]
	RtlGetAppContainerNamedObjectPath [0x77777A9E+286]
	RtlGetAppContainerNamedObjectPath [0x77777A6E+238]

</failure>
    <system-err><![CDATA[Starting ChromeDriver 101.0.4951.41 (93c720db8323b3ec10d056025ab95c23a31997c9-refs/branch-heads/4951@{#904}) on port 16853
Only local connections are allowed.
Please see https://chromedriver.chromium.org/security-considerations for suggestions on keeping ChromeDriver safe.
ChromeDriver was started successfully.
]]></system-err>
  </testcase>
  <testcase name="Test_Case_019" classname="com.webdriveruniversity.testcases.DCR_Page_Test" time="0">
    <skipped message="session not created: This version of ChromeDriver only supports Chrome version 101&#10;Current browser version is 103.0.5060.66 with binary path C:\Users\sakka\AppData\Local\Google\Chrome\Application\chrome.exe&#10;Build info: version: &apos;3.141.59&apos;, revision: &apos;e82be7d358&apos;, time: &apos;2018-11-14T08:17:03&apos;&#10;System info: host: &apos;DESKTOP-NALDS22&apos;, ip: &apos;192.168.0.107&apos;, os.name: &apos;Windows 10&apos;, os.arch: &apos;amd64&apos;, os.version: &apos;10.0&apos;, java.version: &apos;1.8.0_333&apos;&#10;Driver info: driver.version: ChromeDriver&#10;remote stacktrace: Backtrace:&#10;	Ordinal0 [0x0071B8F3+2406643]&#10;	Ordinal0 [0x006AAF31+1945393]&#10;	Ordinal0 [0x0059C748+837448]&#10;	Ordinal0 [0x005BC8B3+968883]&#10;	Ordinal0 [0x005B84BA+951482]&#10;	Ordinal0 [0x005B5D71+941425]&#10;	Ordinal0 [0x005E8EE0+1150688]&#10;	Ordinal0 [0x005E8B3A+1149754]&#10;	Ordinal0 [0x005E4096+1130646]&#10;	Ordinal0 [0x005BE636+976438]&#10;	Ordinal0 [0x005BF546+980294]&#10;	GetHandleVerifier [0x00989612+2498066]&#10;	GetHandleVerifier [0x0097C920+2445600]&#10;	GetHandleVerifier [0x007B4F2A+579370]&#10;	GetHandleVerifier [0x007B3D36+574774]&#10;	Ordinal0 [0x006B1C0B+1973259]&#10;	Ordinal0 [0x006B6688+1992328]&#10;	Ordinal0 [0x006B6775+1992565]&#10;	Ordinal0 [0x006BF8D1+2029777]&#10;	BaseThreadInitThunk [0x7725FA29+25]&#10;	RtlGetAppContainerNamedObjectPath [0x77777A9E+286]&#10;	RtlGetAppContainerNamedObjectPath [0x77777A6E+238]&#10;"/>
  </testcase>
  <testcase name="Test_Case_020" classname="com.webdriveruniversity.testcases.DCR_Page_Test" time="0">
    <skipped message="session not created: This version of ChromeDriver only supports Chrome version 101&#10;Current browser version is 103.0.5060.66 with binary path C:\Users\sakka\AppData\Local\Google\Chrome\Application\chrome.exe&#10;Build info: version: &apos;3.141.59&apos;, revision: &apos;e82be7d358&apos;, time: &apos;2018-11-14T08:17:03&apos;&#10;System info: host: &apos;DESKTOP-NALDS22&apos;, ip: &apos;192.168.0.107&apos;, os.name: &apos;Windows 10&apos;, os.arch: &apos;amd64&apos;, os.version: &apos;10.0&apos;, java.version: &apos;1.8.0_333&apos;&#10;Driver info: driver.version: ChromeDriver&#10;remote stacktrace: Backtrace:&#10;	Ordinal0 [0x0071B8F3+2406643]&#10;	Ordinal0 [0x006AAF31+1945393]&#10;	Ordinal0 [0x0059C748+837448]&#10;	Ordinal0 [0x005BC8B3+968883]&#10;	Ordinal0 [0x005B84BA+951482]&#10;	Ordinal0 [0x005B5D71+941425]&#10;	Ordinal0 [0x005E8EE0+1150688]&#10;	Ordinal0 [0x005E8B3A+1149754]&#10;	Ordinal0 [0x005E4096+1130646]&#10;	Ordinal0 [0x005BE636+976438]&#10;	Ordinal0 [0x005BF546+980294]&#10;	GetHandleVerifier [0x00989612+2498066]&#10;	GetHandleVerifier [0x0097C920+2445600]&#10;	GetHandleVerifier [0x007B4F2A+579370]&#10;	GetHandleVerifier [0x007B3D36+574774]&#10;	Ordinal0 [0x006B1C0B+1973259]&#10;	Ordinal0 [0x006B6688+1992328]&#10;	Ordinal0 [0x006B6775+1992565]&#10;	Ordinal0 [0x006BF8D1+2029777]&#10;	BaseThreadInitThunk [0x7725FA29+25]&#10;	RtlGetAppContainerNamedObjectPath [0x77777A9E+286]&#10;	RtlGetAppContainerNamedObjectPath [0x77777A6E+238]&#10;"/>
  </testcase>
  <testcase name="Test_Case_021" classname="com.webdriveruniversity.testcases.DCR_Page_Test" time="0">
    <skipped message="session not created: This version of ChromeDriver only supports Chrome version 101&#10;Current browser version is 103.0.5060.66 with binary path C:\Users\sakka\AppData\Local\Google\Chrome\Application\chrome.exe&#10;Build info: version: &apos;3.141.59&apos;, revision: &apos;e82be7d358&apos;, time: &apos;2018-11-14T08:17:03&apos;&#10;System info: host: &apos;DESKTOP-NALDS22&apos;, ip: &apos;192.168.0.107&apos;, os.name: &apos;Windows 10&apos;, os.arch: &apos;amd64&apos;, os.version: &apos;10.0&apos;, java.version: &apos;1.8.0_333&apos;&#10;Driver info: driver.version: ChromeDriver&#10;remote stacktrace: Backtrace:&#10;	Ordinal0 [0x0071B8F3+2406643]&#10;	Ordinal0 [0x006AAF31+1945393]&#10;	Ordinal0 [0x0059C748+837448]&#10;	Ordinal0 [0x005BC8B3+968883]&#10;	Ordinal0 [0x005B84BA+951482]&#10;	Ordinal0 [0x005B5D71+941425]&#10;	Ordinal0 [0x005E8EE0+1150688]&#10;	Ordinal0 [0x005E8B3A+1149754]&#10;	Ordinal0 [0x005E4096+1130646]&#10;	Ordinal0 [0x005BE636+976438]&#10;	Ordinal0 [0x005BF546+980294]&#10;	GetHandleVerifier [0x00989612+2498066]&#10;	GetHandleVerifier [0x0097C920+2445600]&#10;	GetHandleVerifier [0x007B4F2A+579370]&#10;	GetHandleVerifier [0x007B3D36+574774]&#10;	Ordinal0 [0x006B1C0B+1973259]&#10;	Ordinal0 [0x006B6688+1992328]&#10;	Ordinal0 [0x006B6775+1992565]&#10;	Ordinal0 [0x006BF8D1+2029777]&#10;	BaseThreadInitThunk [0x7725FA29+25]&#10;	RtlGetAppContainerNamedObjectPath [0x77777A9E+286]&#10;	RtlGetAppContainerNamedObjectPath [0x77777A6E+238]&#10;"/>
  </testcase>
  <testcase name="Test_Case_022" classname="com.webdriveruniversity.testcases.DCR_Page_Test" time="0">
    <skipped message="session not created: This version of ChromeDriver only supports Chrome version 101&#10;Current browser version is 103.0.5060.66 with binary path C:\Users\sakka\AppData\Local\Google\Chrome\Application\chrome.exe&#10;Build info: version: &apos;3.141.59&apos;, revision: &apos;e82be7d358&apos;, time: &apos;2018-11-14T08:17:03&apos;&#10;System info: host: &apos;DESKTOP-NALDS22&apos;, ip: &apos;192.168.0.107&apos;, os.name: &apos;Windows 10&apos;, os.arch: &apos;amd64&apos;, os.version: &apos;10.0&apos;, java.version: &apos;1.8.0_333&apos;&#10;Driver info: driver.version: ChromeDriver&#10;remote stacktrace: Backtrace:&#10;	Ordinal0 [0x0071B8F3+2406643]&#10;	Ordinal0 [0x006AAF31+1945393]&#10;	Ordinal0 [0x0059C748+837448]&#10;	Ordinal0 [0x005BC8B3+968883]&#10;	Ordinal0 [0x005B84BA+951482]&#10;	Ordinal0 [0x005B5D71+941425]&#10;	Ordinal0 [0x005E8EE0+1150688]&#10;	Ordinal0 [0x005E8B3A+1149754]&#10;	Ordinal0 [0x005E4096+1130646]&#10;	Ordinal0 [0x005BE636+976438]&#10;	Ordinal0 [0x005BF546+980294]&#10;	GetHandleVerifier [0x00989612+2498066]&#10;	GetHandleVerifier [0x0097C920+2445600]&#10;	GetHandleVerifier [0x007B4F2A+579370]&#10;	GetHandleVerifier [0x007B3D36+574774]&#10;	Ordinal0 [0x006B1C0B+1973259]&#10;	Ordinal0 [0x006B6688+1992328]&#10;	Ordinal0 [0x006B6775+1992565]&#10;	Ordinal0 [0x006BF8D1+2029777]&#10;	BaseThreadInitThunk [0x7725FA29+25]&#10;	RtlGetAppContainerNamedObjectPath [0x77777A9E+286]&#10;	RtlGetAppContainerNamedObjectPath [0x77777A6E+238]&#10;"/>
  </testcase>
  <testcase name="Test_Case_023" classname="com.webdriveruniversity.testcases.DCR_Page_Test" time="0">
    <skipped message="session not created: This version of ChromeDriver only supports Chrome version 101&#10;Current browser version is 103.0.5060.66 with binary path C:\Users\sakka\AppData\Local\Google\Chrome\Application\chrome.exe&#10;Build info: version: &apos;3.141.59&apos;, revision: &apos;e82be7d358&apos;, time: &apos;2018-11-14T08:17:03&apos;&#10;System info: host: &apos;DESKTOP-NALDS22&apos;, ip: &apos;192.168.0.107&apos;, os.name: &apos;Windows 10&apos;, os.arch: &apos;amd64&apos;, os.version: &apos;10.0&apos;, java.version: &apos;1.8.0_333&apos;&#10;Driver info: driver.version: ChromeDriver&#10;remote stacktrace: Backtrace:&#10;	Ordinal0 [0x0071B8F3+2406643]&#10;	Ordinal0 [0x006AAF31+1945393]&#10;	Ordinal0 [0x0059C748+837448]&#10;	Ordinal0 [0x005BC8B3+968883]&#10;	Ordinal0 [0x005B84BA+951482]&#10;	Ordinal0 [0x005B5D71+941425]&#10;	Ordinal0 [0x005E8EE0+1150688]&#10;	Ordinal0 [0x005E8B3A+1149754]&#10;	Ordinal0 [0x005E4096+1130646]&#10;	Ordinal0 [0x005BE636+976438]&#10;	Ordinal0 [0x005BF546+980294]&#10;	GetHandleVerifier [0x00989612+2498066]&#10;	GetHandleVerifier [0x0097C920+2445600]&#10;	GetHandleVerifier [0x007B4F2A+579370]&#10;	GetHandleVerifier [0x007B3D36+574774]&#10;	Ordinal0 [0x006B1C0B+1973259]&#10;	Ordinal0 [0x006B6688+1992328]&#10;	Ordinal0 [0x006B6775+1992565]&#10;	Ordinal0 [0x006BF8D1+2029777]&#10;	BaseThreadInitThunk [0x7725FA29+25]&#10;	RtlGetAppContainerNamedObjectPath [0x77777A9E+286]&#10;	RtlGetAppContainerNamedObjectPath [0x77777A6E+238]&#10;"/>
  </testcase>
  <testcase name="Test_Case_024" classname="com.webdriveruniversity.testcases.DCR_Page_Test" time="0">
    <skipped message="session not created: This version of ChromeDriver only supports Chrome version 101&#10;Current browser version is 103.0.5060.66 with binary path C:\Users\sakka\AppData\Local\Google\Chrome\Application\chrome.exe&#10;Build info: version: &apos;3.141.59&apos;, revision: &apos;e82be7d358&apos;, time: &apos;2018-11-14T08:17:03&apos;&#10;System info: host: &apos;DESKTOP-NALDS22&apos;, ip: &apos;192.168.0.107&apos;, os.name: &apos;Windows 10&apos;, os.arch: &apos;amd64&apos;, os.version: &apos;10.0&apos;, java.version: &apos;1.8.0_333&apos;&#10;Driver info: driver.version: ChromeDriver&#10;remote stacktrace: Backtrace:&#10;	Ordinal0 [0x0071B8F3+2406643]&#10;	Ordinal0 [0x006AAF31+1945393]&#10;	Ordinal0 [0x0059C748+837448]&#10;	Ordinal0 [0x005BC8B3+968883]&#10;	Ordinal0 [0x005B84BA+951482]&#10;	Ordinal0 [0x005B5D71+941425]&#10;	Ordinal0 [0x005E8EE0+1150688]&#10;	Ordinal0 [0x005E8B3A+1149754]&#10;	Ordinal0 [0x005E4096+1130646]&#10;	Ordinal0 [0x005BE636+976438]&#10;	Ordinal0 [0x005BF546+980294]&#10;	GetHandleVerifier [0x00989612+2498066]&#10;	GetHandleVerifier [0x0097C920+2445600]&#10;	GetHandleVerifier [0x007B4F2A+579370]&#10;	GetHandleVerifier [0x007B3D36+574774]&#10;	Ordinal0 [0x006B1C0B+1973259]&#10;	Ordinal0 [0x006B6688+1992328]&#10;	Ordinal0 [0x006B6775+1992565]&#10;	Ordinal0 [0x006BF8D1+2029777]&#10;	BaseThreadInitThunk [0x7725FA29+25]&#10;	RtlGetAppContainerNamedObjectPath [0x77777A9E+286]&#10;	RtlGetAppContainerNamedObjectPath [0x77777A6E+238]&#10;"/>
  </testcase>
  <testcase name="Test_Case_025" classname="com.webdriveruniversity.testcases.DCR_Page_Test" time="0">
    <skipped message="session not created: This version of ChromeDriver only supports Chrome version 101&#10;Current browser version is 103.0.5060.66 with binary path C:\Users\sakka\AppData\Local\Google\Chrome\Application\chrome.exe&#10;Build info: version: &apos;3.141.59&apos;, revision: &apos;e82be7d358&apos;, time: &apos;2018-11-14T08:17:03&apos;&#10;System info: host: &apos;DESKTOP-NALDS22&apos;, ip: &apos;192.168.0.107&apos;, os.name: &apos;Windows 10&apos;, os.arch: &apos;amd64&apos;, os.version: &apos;10.0&apos;, java.version: &apos;1.8.0_333&apos;&#10;Driver info: driver.version: ChromeDriver&#10;remote stacktrace: Backtrace:&#10;	Ordinal0 [0x0071B8F3+2406643]&#10;	Ordinal0 [0x006AAF31+1945393]&#10;	Ordinal0 [0x0059C748+837448]&#10;	Ordinal0 [0x005BC8B3+968883]&#10;	Ordinal0 [0x005B84BA+951482]&#10;	Ordinal0 [0x005B5D71+941425]&#10;	Ordinal0 [0x005E8EE0+1150688]&#10;	Ordinal0 [0x005E8B3A+1149754]&#10;	Ordinal0 [0x005E4096+1130646]&#10;	Ordinal0 [0x005BE636+976438]&#10;	Ordinal0 [0x005BF546+980294]&#10;	GetHandleVerifier [0x00989612+2498066]&#10;	GetHandleVerifier [0x0097C920+2445600]&#10;	GetHandleVerifier [0x007B4F2A+579370]&#10;	GetHandleVerifier [0x007B3D36+574774]&#10;	Ordinal0 [0x006B1C0B+1973259]&#10;	Ordinal0 [0x006B6688+1992328]&#10;	Ordinal0 [0x006B6775+1992565]&#10;	Ordinal0 [0x006BF8D1+2029777]&#10;	BaseThreadInitThunk [0x7725FA29+25]&#10;	RtlGetAppContainerNamedObjectPath [0x77777A9E+286]&#10;	RtlGetAppContainerNamedObjectPath [0x77777A6E+238]&#10;"/>
  </testcase>
  <testcase name="Test_Case_026" classname="com.webdriveruniversity.testcases.DCR_Page_Test" time="0">
    <skipped message="session not created: This version of ChromeDriver only supports Chrome version 101&#10;Current browser version is 103.0.5060.66 with binary path C:\Users\sakka\AppData\Local\Google\Chrome\Application\chrome.exe&#10;Build info: version: &apos;3.141.59&apos;, revision: &apos;e82be7d358&apos;, time: &apos;2018-11-14T08:17:03&apos;&#10;System info: host: &apos;DESKTOP-NALDS22&apos;, ip: &apos;192.168.0.107&apos;, os.name: &apos;Windows 10&apos;, os.arch: &apos;amd64&apos;, os.version: &apos;10.0&apos;, java.version: &apos;1.8.0_333&apos;&#10;Driver info: driver.version: ChromeDriver&#10;remote stacktrace: Backtrace:&#10;	Ordinal0 [0x0071B8F3+2406643]&#10;	Ordinal0 [0x006AAF31+1945393]&#10;	Ordinal0 [0x0059C748+837448]&#10;	Ordinal0 [0x005BC8B3+968883]&#10;	Ordinal0 [0x005B84BA+951482]&#10;	Ordinal0 [0x005B5D71+941425]&#10;	Ordinal0 [0x005E8EE0+1150688]&#10;	Ordinal0 [0x005E8B3A+1149754]&#10;	Ordinal0 [0x005E4096+1130646]&#10;	Ordinal0 [0x005BE636+976438]&#10;	Ordinal0 [0x005BF546+980294]&#10;	GetHandleVerifier [0x00989612+2498066]&#10;	GetHandleVerifier [0x0097C920+2445600]&#10;	GetHandleVerifier [0x007B4F2A+579370]&#10;	GetHandleVerifier [0x007B3D36+574774]&#10;	Ordinal0 [0x006B1C0B+1973259]&#10;	Ordinal0 [0x006B6688+1992328]&#10;	Ordinal0 [0x006B6775+1992565]&#10;	Ordinal0 [0x006BF8D1+2029777]&#10;	BaseThreadInitThunk [0x7725FA29+25]&#10;	RtlGetAppContainerNamedObjectPath [0x77777A9E+286]&#10;	RtlGetAppContainerNamedObjectPath [0x77777A6E+238]&#10;"/>
  </testcase>
  <testcase name="Test_Case_027" classname="com.webdriveruniversity.testcases.DCR_Page_Test" time="0">
    <skipped message="session not created: This version of ChromeDriver only supports Chrome version 101&#10;Current browser version is 103.0.5060.66 with binary path C:\Users\sakka\AppData\Local\Google\Chrome\Application\chrome.exe&#10;Build info: version: &apos;3.141.59&apos;, revision: &apos;e82be7d358&apos;, time: &apos;2018-11-14T08:17:03&apos;&#10;System info: host: &apos;DESKTOP-NALDS22&apos;, ip: &apos;192.168.0.107&apos;, os.name: &apos;Windows 10&apos;, os.arch: &apos;amd64&apos;, os.version: &apos;10.0&apos;, java.version: &apos;1.8.0_333&apos;&#10;Driver info: driver.version: ChromeDriver&#10;remote stacktrace: Backtrace:&#10;	Ordinal0 [0x0071B8F3+2406643]&#10;	Ordinal0 [0x006AAF31+1945393]&#10;	Ordinal0 [0x0059C748+837448]&#10;	Ordinal0 [0x005BC8B3+968883]&#10;	Ordinal0 [0x005B84BA+951482]&#10;	Ordinal0 [0x005B5D71+941425]&#10;	Ordinal0 [0x005E8EE0+1150688]&#10;	Ordinal0 [0x005E8B3A+1149754]&#10;	Ordinal0 [0x005E4096+1130646]&#10;	Ordinal0 [0x005BE636+976438]&#10;	Ordinal0 [0x005BF546+980294]&#10;	GetHandleVerifier [0x00989612+2498066]&#10;	GetHandleVerifier [0x0097C920+2445600]&#10;	GetHandleVerifier [0x007B4F2A+579370]&#10;	GetHandleVerifier [0x007B3D36+574774]&#10;	Ordinal0 [0x006B1C0B+1973259]&#10;	Ordinal0 [0x006B6688+1992328]&#10;	Ordinal0 [0x006B6775+1992565]&#10;	Ordinal0 [0x006BF8D1+2029777]&#10;	BaseThreadInitThunk [0x7725FA29+25]&#10;	RtlGetAppContainerNamedObjectPath [0x77777A9E+286]&#10;	RtlGetAppContainerNamedObjectPath [0x77777A6E+238]&#10;"/>
  </testcase>
  <testcase name="Browser_Close" classname="com.webdriveruniversity.testcases.DCR_Page_Test" time="0">
    <skipped/>
  </testcase>
  <testcase name="Browser_Launch" classname="com.webdriveruniversity.testcases.Ajax_Loader_Page_Test" time="10.523">
    <failure message="session not created: This version of ChromeDriver only supports Chrome version 101&#10;Current browser version is 103.0.5060.66 with binary path C:\Users\sakka\AppData\Local\Google\Chrome\Application\chrome.exe&#10;Build info: version: &apos;3.141.59&apos;, revision: &apos;e82be7d358&apos;, time: &apos;2018-11-14T08:17:03&apos;&#10;System info: host: &apos;DESKTOP-NALDS22&apos;, ip: &apos;192.168.0.107&apos;, os.name: &apos;Windows 10&apos;, os.arch: &apos;amd64&apos;, os.version: &apos;10.0&apos;, java.version: &apos;1.8.0_333&apos;&#10;Driver info: driver.version: ChromeDriver&#10;remote stacktrace: Backtrace:&#10;	Ordinal0 [0x0071B8F3+2406643]&#10;	Ordinal0 [0x006AAF31+1945393]&#10;	Ordinal0 [0x0059C748+837448]&#10;	Ordinal0 [0x005BC8B3+968883]&#10;	Ordinal0 [0x005B84BA+951482]&#10;	Ordinal0 [0x005B5D71+941425]&#10;	Ordinal0 [0x005E8EE0+1150688]&#10;	Ordinal0 [0x005E8B3A+1149754]&#10;	Ordinal0 [0x005E4096+1130646]&#10;	Ordinal0 [0x005BE636+976438]&#10;	Ordinal0 [0x005BF546+980294]&#10;	GetHandleVerifier [0x00989612+2498066]&#10;	GetHandleVerifier [0x0097C920+2445600]&#10;	GetHandleVerifier [0x007B4F2A+579370]&#10;	GetHandleVerifier [0x007B3D36+574774]&#10;	Ordinal0 [0x006B1C0B+1973259]&#10;	Ordinal0 [0x006B6688+1992328]&#10;	Ordinal0 [0x006B6775+1992565]&#10;	Ordinal0 [0x006BF8D1+2029777]&#10;	BaseThreadInitThunk [0x7725FA29+25]&#10;	RtlGetAppContainerNamedObjectPath [0x77777A9E+286]&#10;	RtlGetAppContainerNamedObjectPath [0x77777A6E+238]&#10;" type="org.openqa.selenium.SessionNotCreatedException">org.openqa.selenium.SessionNotCreatedException: 
session not created: This version of ChromeDriver only supports Chrome version 101
Current browser version is 103.0.5060.66 with binary path C:\Users\sakka\AppData\Local\Google\Chrome\Application\chrome.exe
Build info: version: '3.141.59', revision: 'e82be7d358', time: '2018-11-14T08:17:03'
System info: host: 'DESKTOP-NALDS22', ip: '192.168.0.107', os.name: 'Windows 10', os.arch: 'amd64', os.version: '10.0', java.version: '1.8.0_333'
Driver info: driver.version: ChromeDriver
remote stacktrace: Backtrace:
	Ordinal0 [0x0071B8F3+2406643]
	Ordinal0 [0x006AAF31+1945393]
	Ordinal0 [0x0059C748+837448]
	Ordinal0 [0x005BC8B3+968883]
	Ordinal0 [0x005B84BA+951482]
	Ordinal0 [0x005B5D71+941425]
	Ordinal0 [0x005E8EE0+1150688]
	Ordinal0 [0x005E8B3A+1149754]
	Ordinal0 [0x005E4096+1130646]
	Ordinal0 [0x005BE636+976438]
	Ordinal0 [0x005BF546+980294]
	GetHandleVerifier [0x00989612+2498066]
	GetHandleVerifier [0x0097C920+2445600]
	GetHandleVerifier [0x007B4F2A+579370]
	GetHandleVerifier [0x007B3D36+574774]
	Ordinal0 [0x006B1C0B+1973259]
	Ordinal0 [0x006B6688+1992328]
	Ordinal0 [0x006B6775+1992565]
	Ordinal0 [0x006BF8D1+2029777]
	BaseThreadInitThunk [0x7725FA29+25]
	RtlGetAppContainerNamedObjectPath [0x77777A9E+286]
	RtlGetAppContainerNamedObjectPath [0x77777A6E+238]

</failure>
    <system-err><![CDATA[Starting ChromeDriver 101.0.4951.41 (93c720db8323b3ec10d056025ab95c23a31997c9-refs/branch-heads/4951@{#904}) on port 14121
Only local connections are allowed.
Please see https://chromedriver.chromium.org/security-considerations for suggestions on keeping ChromeDriver safe.
ChromeDriver was started successfully.
]]></system-err>
  </testcase>
  <testcase name="Test_Case_028" classname="com.webdriveruniversity.testcases.Ajax_Loader_Page_Test" time="0">
    <skipped message="session not created: This version of ChromeDriver only supports Chrome version 101&#10;Current browser version is 103.0.5060.66 with binary path C:\Users\sakka\AppData\Local\Google\Chrome\Application\chrome.exe&#10;Build info: version: &apos;3.141.59&apos;, revision: &apos;e82be7d358&apos;, time: &apos;2018-11-14T08:17:03&apos;&#10;System info: host: &apos;DESKTOP-NALDS22&apos;, ip: &apos;192.168.0.107&apos;, os.name: &apos;Windows 10&apos;, os.arch: &apos;amd64&apos;, os.version: &apos;10.0&apos;, java.version: &apos;1.8.0_333&apos;&#10;Driver info: driver.version: ChromeDriver&#10;remote stacktrace: Backtrace:&#10;	Ordinal0 [0x0071B8F3+2406643]&#10;	Ordinal0 [0x006AAF31+1945393]&#10;	Ordinal0 [0x0059C748+837448]&#10;	Ordinal0 [0x005BC8B3+968883]&#10;	Ordinal0 [0x005B84BA+951482]&#10;	Ordinal0 [0x005B5D71+941425]&#10;	Ordinal0 [0x005E8EE0+1150688]&#10;	Ordinal0 [0x005E8B3A+1149754]&#10;	Ordinal0 [0x005E4096+1130646]&#10;	Ordinal0 [0x005BE636+976438]&#10;	Ordinal0 [0x005BF546+980294]&#10;	GetHandleVerifier [0x00989612+2498066]&#10;	GetHandleVerifier [0x0097C920+2445600]&#10;	GetHandleVerifier [0x007B4F2A+579370]&#10;	GetHandleVerifier [0x007B3D36+574774]&#10;	Ordinal0 [0x006B1C0B+1973259]&#10;	Ordinal0 [0x006B6688+1992328]&#10;	Ordinal0 [0x006B6775+1992565]&#10;	Ordinal0 [0x006BF8D1+2029777]&#10;	BaseThreadInitThunk [0x7725FA29+25]&#10;	RtlGetAppContainerNamedObjectPath [0x77777A9E+286]&#10;	RtlGetAppContainerNamedObjectPath [0x77777A6E+238]&#10;"/>
  </testcase>
  <testcase name="Test_Case_029" classname="com.webdriveruniversity.testcases.Ajax_Loader_Page_Test" time="0">
    <skipped message="session not created: This version of ChromeDriver only supports Chrome version 101&#10;Current browser version is 103.0.5060.66 with binary path C:\Users\sakka\AppData\Local\Google\Chrome\Application\chrome.exe&#10;Build info: version: &apos;3.141.59&apos;, revision: &apos;e82be7d358&apos;, time: &apos;2018-11-14T08:17:03&apos;&#10;System info: host: &apos;DESKTOP-NALDS22&apos;, ip: &apos;192.168.0.107&apos;, os.name: &apos;Windows 10&apos;, os.arch: &apos;amd64&apos;, os.version: &apos;10.0&apos;, java.version: &apos;1.8.0_333&apos;&#10;Driver info: driver.version: ChromeDriver&#10;remote stacktrace: Backtrace:&#10;	Ordinal0 [0x0071B8F3+2406643]&#10;	Ordinal0 [0x006AAF31+1945393]&#10;	Ordinal0 [0x0059C748+837448]&#10;	Ordinal0 [0x005BC8B3+968883]&#10;	Ordinal0 [0x005B84BA+951482]&#10;	Ordinal0 [0x005B5D71+941425]&#10;	Ordinal0 [0x005E8EE0+1150688]&#10;	Ordinal0 [0x005E8B3A+1149754]&#10;	Ordinal0 [0x005E4096+1130646]&#10;	Ordinal0 [0x005BE636+976438]&#10;	Ordinal0 [0x005BF546+980294]&#10;	GetHandleVerifier [0x00989612+2498066]&#10;	GetHandleVerifier [0x0097C920+2445600]&#10;	GetHandleVerifier [0x007B4F2A+579370]&#10;	GetHandleVerifier [0x007B3D36+574774]&#10;	Ordinal0 [0x006B1C0B+1973259]&#10;	Ordinal0 [0x006B6688+1992328]&#10;	Ordinal0 [0x006B6775+1992565]&#10;	Ordinal0 [0x006BF8D1+2029777]&#10;	BaseThreadInitThunk [0x7725FA29+25]&#10;	RtlGetAppContainerNamedObjectPath [0x77777A9E+286]&#10;	RtlGetAppContainerNamedObjectPath [0x77777A6E+238]&#10;"/>
  </testcase>
  <testcase name="Browser_Close" classname="com.webdriveruniversity.testcases.Ajax_Loader_Page_Test" time="0">
    <skipped/>
  </testcase>
  <testcase name="Browser_Launch" classname="com.webdriveruniversity.testcases.Actions_Page_Test" time="12.316">
    <failure message="session not created: This version of ChromeDriver only supports Chrome version 101&#10;Current browser version is 103.0.5060.66 with binary path C:\Users\sakka\AppData\Local\Google\Chrome\Application\chrome.exe&#10;Build info: version: &apos;3.141.59&apos;, revision: &apos;e82be7d358&apos;, time: &apos;2018-11-14T08:17:03&apos;&#10;System info: host: &apos;DESKTOP-NALDS22&apos;, ip: &apos;192.168.0.107&apos;, os.name: &apos;Windows 10&apos;, os.arch: &apos;amd64&apos;, os.version: &apos;10.0&apos;, java.version: &apos;1.8.0_333&apos;&#10;Driver info: driver.version: ChromeDriver&#10;remote stacktrace: Backtrace:&#10;	Ordinal0 [0x0071B8F3+2406643]&#10;	Ordinal0 [0x006AAF31+1945393]&#10;	Ordinal0 [0x0059C748+837448]&#10;	Ordinal0 [0x005BC8B3+968883]&#10;	Ordinal0 [0x005B84BA+951482]&#10;	Ordinal0 [0x005B5D71+941425]&#10;	Ordinal0 [0x005E8EE0+1150688]&#10;	Ordinal0 [0x005E8B3A+1149754]&#10;	Ordinal0 [0x005E4096+1130646]&#10;	Ordinal0 [0x005BE636+976438]&#10;	Ordinal0 [0x005BF546+980294]&#10;	GetHandleVerifier [0x00989612+2498066]&#10;	GetHandleVerifier [0x0097C920+2445600]&#10;	GetHandleVerifier [0x007B4F2A+579370]&#10;	GetHandleVerifier [0x007B3D36+574774]&#10;	Ordinal0 [0x006B1C0B+1973259]&#10;	Ordinal0 [0x006B6688+1992328]&#10;	Ordinal0 [0x006B6775+1992565]&#10;	Ordinal0 [0x006BF8D1+2029777]&#10;	BaseThreadInitThunk [0x7725FA29+25]&#10;	RtlGetAppContainerNamedObjectPath [0x77777A9E+286]&#10;	RtlGetAppContainerNamedObjectPath [0x77777A6E+238]&#10;" type="org.openqa.selenium.SessionNotCreatedException">org.openqa.selenium.SessionNotCreatedException: 
session not created: This version of ChromeDriver only supports Chrome version 101
Current browser version is 103.0.5060.66 with binary path C:\Users\sakka\AppData\Local\Google\Chrome\Application\chrome.exe
Build info: version: '3.141.59', revision: 'e82be7d358', time: '2018-11-14T08:17:03'
System info: host: 'DESKTOP-NALDS22', ip: '192.168.0.107', os.name: 'Windows 10', os.arch: 'amd64', os.version: '10.0', java.version: '1.8.0_333'
Driver info: driver.version: ChromeDriver
remote stacktrace: Backtrace:
	Ordinal0 [0x0071B8F3+2406643]
	Ordinal0 [0x006AAF31+1945393]
	Ordinal0 [0x0059C748+837448]
	Ordinal0 [0x005BC8B3+968883]
	Ordinal0 [0x005B84BA+951482]
	Ordinal0 [0x005B5D71+941425]
	Ordinal0 [0x005E8EE0+1150688]
	Ordinal0 [0x005E8B3A+1149754]
	Ordinal0 [0x005E4096+1130646]
	Ordinal0 [0x005BE636+976438]
	Ordinal0 [0x005BF546+980294]
	GetHandleVerifier [0x00989612+2498066]
	GetHandleVerifier [0x0097C920+2445600]
	GetHandleVerifier [0x007B4F2A+579370]
	GetHandleVerifier [0x007B3D36+574774]
	Ordinal0 [0x006B1C0B+1973259]
	Ordinal0 [0x006B6688+1992328]
	Ordinal0 [0x006B6775+1992565]
	Ordinal0 [0x006BF8D1+2029777]
	BaseThreadInitThunk [0x7725FA29+25]
	RtlGetAppContainerNamedObjectPath [0x77777A9E+286]
	RtlGetAppContainerNamedObjectPath [0x77777A6E+238]

</failure>
    <system-err><![CDATA[Starting ChromeDriver 101.0.4951.41 (93c720db8323b3ec10d056025ab95c23a31997c9-refs/branch-heads/4951@{#904}) on port 41887
Only local connections are allowed.
Please see https://chromedriver.chromium.org/security-considerations for suggestions on keeping ChromeDriver safe.
ChromeDriver was started successfully.
]]></system-err>
  </testcase>
  <testcase name="Test_Case_030" classname="com.webdriveruniversity.testcases.Actions_Page_Test" time="0">
    <skipped message="session not created: This version of ChromeDriver only supports Chrome version 101&#10;Current browser version is 103.0.5060.66 with binary path C:\Users\sakka\AppData\Local\Google\Chrome\Application\chrome.exe&#10;Build info: version: &apos;3.141.59&apos;, revision: &apos;e82be7d358&apos;, time: &apos;2018-11-14T08:17:03&apos;&#10;System info: host: &apos;DESKTOP-NALDS22&apos;, ip: &apos;192.168.0.107&apos;, os.name: &apos;Windows 10&apos;, os.arch: &apos;amd64&apos;, os.version: &apos;10.0&apos;, java.version: &apos;1.8.0_333&apos;&#10;Driver info: driver.version: ChromeDriver&#10;remote stacktrace: Backtrace:&#10;	Ordinal0 [0x0071B8F3+2406643]&#10;	Ordinal0 [0x006AAF31+1945393]&#10;	Ordinal0 [0x0059C748+837448]&#10;	Ordinal0 [0x005BC8B3+968883]&#10;	Ordinal0 [0x005B84BA+951482]&#10;	Ordinal0 [0x005B5D71+941425]&#10;	Ordinal0 [0x005E8EE0+1150688]&#10;	Ordinal0 [0x005E8B3A+1149754]&#10;	Ordinal0 [0x005E4096+1130646]&#10;	Ordinal0 [0x005BE636+976438]&#10;	Ordinal0 [0x005BF546+980294]&#10;	GetHandleVerifier [0x00989612+2498066]&#10;	GetHandleVerifier [0x0097C920+2445600]&#10;	GetHandleVerifier [0x007B4F2A+579370]&#10;	GetHandleVerifier [0x007B3D36+574774]&#10;	Ordinal0 [0x006B1C0B+1973259]&#10;	Ordinal0 [0x006B6688+1992328]&#10;	Ordinal0 [0x006B6775+1992565]&#10;	Ordinal0 [0x006BF8D1+2029777]&#10;	BaseThreadInitThunk [0x7725FA29+25]&#10;	RtlGetAppContainerNamedObjectPath [0x77777A9E+286]&#10;	RtlGetAppContainerNamedObjectPath [0x77777A6E+238]&#10;"/>
  </testcase>
  <testcase name="Test_Case_031" classname="com.webdriveruniversity.testcases.Actions_Page_Test" time="0">
    <skipped message="session not created: This version of ChromeDriver only supports Chrome version 101&#10;Current browser version is 103.0.5060.66 with binary path C:\Users\sakka\AppData\Local\Google\Chrome\Application\chrome.exe&#10;Build info: version: &apos;3.141.59&apos;, revision: &apos;e82be7d358&apos;, time: &apos;2018-11-14T08:17:03&apos;&#10;System info: host: &apos;DESKTOP-NALDS22&apos;, ip: &apos;192.168.0.107&apos;, os.name: &apos;Windows 10&apos;, os.arch: &apos;amd64&apos;, os.version: &apos;10.0&apos;, java.version: &apos;1.8.0_333&apos;&#10;Driver info: driver.version: ChromeDriver&#10;remote stacktrace: Backtrace:&#10;	Ordinal0 [0x0071B8F3+2406643]&#10;	Ordinal0 [0x006AAF31+1945393]&#10;	Ordinal0 [0x0059C748+837448]&#10;	Ordinal0 [0x005BC8B3+968883]&#10;	Ordinal0 [0x005B84BA+951482]&#10;	Ordinal0 [0x005B5D71+941425]&#10;	Ordinal0 [0x005E8EE0+1150688]&#10;	Ordinal0 [0x005E8B3A+1149754]&#10;	Ordinal0 [0x005E4096+1130646]&#10;	Ordinal0 [0x005BE636+976438]&#10;	Ordinal0 [0x005BF546+980294]&#10;	GetHandleVerifier [0x00989612+2498066]&#10;	GetHandleVerifier [0x0097C920+2445600]&#10;	GetHandleVerifier [0x007B4F2A+579370]&#10;	GetHandleVerifier [0x007B3D36+574774]&#10;	Ordinal0 [0x006B1C0B+1973259]&#10;	Ordinal0 [0x006B6688+1992328]&#10;	Ordinal0 [0x006B6775+1992565]&#10;	Ordinal0 [0x006BF8D1+2029777]&#10;	BaseThreadInitThunk [0x7725FA29+25]&#10;	RtlGetAppContainerNamedObjectPath [0x77777A9E+286]&#10;	RtlGetAppContainerNamedObjectPath [0x77777A6E+238]&#10;"/>
  </testcase>
  <testcase name="Test_Case_032" classname="com.webdriveruniversity.testcases.Actions_Page_Test" time="0">
    <skipped message="session not created: This version of ChromeDriver only supports Chrome version 101&#10;Current browser version is 103.0.5060.66 with binary path C:\Users\sakka\AppData\Local\Google\Chrome\Application\chrome.exe&#10;Build info: version: &apos;3.141.59&apos;, revision: &apos;e82be7d358&apos;, time: &apos;2018-11-14T08:17:03&apos;&#10;System info: host: &apos;DESKTOP-NALDS22&apos;, ip: &apos;192.168.0.107&apos;, os.name: &apos;Windows 10&apos;, os.arch: &apos;amd64&apos;, os.version: &apos;10.0&apos;, java.version: &apos;1.8.0_333&apos;&#10;Driver info: driver.version: ChromeDriver&#10;remote stacktrace: Backtrace:&#10;	Ordinal0 [0x0071B8F3+2406643]&#10;	Ordinal0 [0x006AAF31+1945393]&#10;	Ordinal0 [0x0059C748+837448]&#10;	Ordinal0 [0x005BC8B3+968883]&#10;	Ordinal0 [0x005B84BA+951482]&#10;	Ordinal0 [0x005B5D71+941425]&#10;	Ordinal0 [0x005E8EE0+1150688]&#10;	Ordinal0 [0x005E8B3A+1149754]&#10;	Ordinal0 [0x005E4096+1130646]&#10;	Ordinal0 [0x005BE636+976438]&#10;	Ordinal0 [0x005BF546+980294]&#10;	GetHandleVerifier [0x00989612+2498066]&#10;	GetHandleVerifier [0x0097C920+2445600]&#10;	GetHandleVerifier [0x007B4F2A+579370]&#10;	GetHandleVerifier [0x007B3D36+574774]&#10;	Ordinal0 [0x006B1C0B+1973259]&#10;	Ordinal0 [0x006B6688+1992328]&#10;	Ordinal0 [0x006B6775+1992565]&#10;	Ordinal0 [0x006BF8D1+2029777]&#10;	BaseThreadInitThunk [0x7725FA29+25]&#10;	RtlGetAppContainerNamedObjectPath [0x77777A9E+286]&#10;	RtlGetAppContainerNamedObjectPath [0x77777A6E+238]&#10;"/>
  </testcase>
  <testcase name="Test_Case_033" classname="com.webdriveruniversity.testcases.Actions_Page_Test" time="0">
    <skipped message="session not created: This version of ChromeDriver only supports Chrome version 101&#10;Current browser version is 103.0.5060.66 with binary path C:\Users\sakka\AppData\Local\Google\Chrome\Application\chrome.exe&#10;Build info: version: &apos;3.141.59&apos;, revision: &apos;e82be7d358&apos;, time: &apos;2018-11-14T08:17:03&apos;&#10;System info: host: &apos;DESKTOP-NALDS22&apos;, ip: &apos;192.168.0.107&apos;, os.name: &apos;Windows 10&apos;, os.arch: &apos;amd64&apos;, os.version: &apos;10.0&apos;, java.version: &apos;1.8.0_333&apos;&#10;Driver info: driver.version: ChromeDriver&#10;remote stacktrace: Backtrace:&#10;	Ordinal0 [0x0071B8F3+2406643]&#10;	Ordinal0 [0x006AAF31+1945393]&#10;	Ordinal0 [0x0059C748+837448]&#10;	Ordinal0 [0x005BC8B3+968883]&#10;	Ordinal0 [0x005B84BA+951482]&#10;	Ordinal0 [0x005B5D71+941425]&#10;	Ordinal0 [0x005E8EE0+1150688]&#10;	Ordinal0 [0x005E8B3A+1149754]&#10;	Ordinal0 [0x005E4096+1130646]&#10;	Ordinal0 [0x005BE636+976438]&#10;	Ordinal0 [0x005BF546+980294]&#10;	GetHandleVerifier [0x00989612+2498066]&#10;	GetHandleVerifier [0x0097C920+2445600]&#10;	GetHandleVerifier [0x007B4F2A+579370]&#10;	GetHandleVerifier [0x007B3D36+574774]&#10;	Ordinal0 [0x006B1C0B+1973259]&#10;	Ordinal0 [0x006B6688+1992328]&#10;	Ordinal0 [0x006B6775+1992565]&#10;	Ordinal0 [0x006BF8D1+2029777]&#10;	BaseThreadInitThunk [0x7725FA29+25]&#10;	RtlGetAppContainerNamedObjectPath [0x77777A9E+286]&#10;	RtlGetAppContainerNamedObjectPath [0x77777A6E+238]&#10;"/>
  </testcase>
  <testcase name="Test_Case_034" classname="com.webdriveruniversity.testcases.Actions_Page_Test" time="0">
    <skipped message="session not created: This version of ChromeDriver only supports Chrome version 101&#10;Current browser version is 103.0.5060.66 with binary path C:\Users\sakka\AppData\Local\Google\Chrome\Application\chrome.exe&#10;Build info: version: &apos;3.141.59&apos;, revision: &apos;e82be7d358&apos;, time: &apos;2018-11-14T08:17:03&apos;&#10;System info: host: &apos;DESKTOP-NALDS22&apos;, ip: &apos;192.168.0.107&apos;, os.name: &apos;Windows 10&apos;, os.arch: &apos;amd64&apos;, os.version: &apos;10.0&apos;, java.version: &apos;1.8.0_333&apos;&#10;Driver info: driver.version: ChromeDriver&#10;remote stacktrace: Backtrace:&#10;	Ordinal0 [0x0071B8F3+2406643]&#10;	Ordinal0 [0x006AAF31+1945393]&#10;	Ordinal0 [0x0059C748+837448]&#10;	Ordinal0 [0x005BC8B3+968883]&#10;	Ordinal0 [0x005B84BA+951482]&#10;	Ordinal0 [0x005B5D71+941425]&#10;	Ordinal0 [0x005E8EE0+1150688]&#10;	Ordinal0 [0x005E8B3A+1149754]&#10;	Ordinal0 [0x005E4096+1130646]&#10;	Ordinal0 [0x005BE636+976438]&#10;	Ordinal0 [0x005BF546+980294]&#10;	GetHandleVerifier [0x00989612+2498066]&#10;	GetHandleVerifier [0x0097C920+2445600]&#10;	GetHandleVerifier [0x007B4F2A+579370]&#10;	GetHandleVerifier [0x007B3D36+574774]&#10;	Ordinal0 [0x006B1C0B+1973259]&#10;	Ordinal0 [0x006B6688+1992328]&#10;	Ordinal0 [0x006B6775+1992565]&#10;	Ordinal0 [0x006BF8D1+2029777]&#10;	BaseThreadInitThunk [0x7725FA29+25]&#10;	RtlGetAppContainerNamedObjectPath [0x77777A9E+286]&#10;	RtlGetAppContainerNamedObjectPath [0x77777A6E+238]&#10;"/>
  </testcase>
  <testcase name="Test_Case_035" classname="com.webdriveruniversity.testcases.Actions_Page_Test" time="0">
    <skipped message="session not created: This version of ChromeDriver only supports Chrome version 101&#10;Current browser version is 103.0.5060.66 with binary path C:\Users\sakka\AppData\Local\Google\Chrome\Application\chrome.exe&#10;Build info: version: &apos;3.141.59&apos;, revision: &apos;e82be7d358&apos;, time: &apos;2018-11-14T08:17:03&apos;&#10;System info: host: &apos;DESKTOP-NALDS22&apos;, ip: &apos;192.168.0.107&apos;, os.name: &apos;Windows 10&apos;, os.arch: &apos;amd64&apos;, os.version: &apos;10.0&apos;, java.version: &apos;1.8.0_333&apos;&#10;Driver info: driver.version: ChromeDriver&#10;remote stacktrace: Backtrace:&#10;	Ordinal0 [0x0071B8F3+2406643]&#10;	Ordinal0 [0x006AAF31+1945393]&#10;	Ordinal0 [0x0059C748+837448]&#10;	Ordinal0 [0x005BC8B3+968883]&#10;	Ordinal0 [0x005B84BA+951482]&#10;	Ordinal0 [0x005B5D71+941425]&#10;	Ordinal0 [0x005E8EE0+1150688]&#10;	Ordinal0 [0x005E8B3A+1149754]&#10;	Ordinal0 [0x005E4096+1130646]&#10;	Ordinal0 [0x005BE636+976438]&#10;	Ordinal0 [0x005BF546+980294]&#10;	GetHandleVerifier [0x00989612+2498066]&#10;	GetHandleVerifier [0x0097C920+2445600]&#10;	GetHandleVerifier [0x007B4F2A+579370]&#10;	GetHandleVerifier [0x007B3D36+574774]&#10;	Ordinal0 [0x006B1C0B+1973259]&#10;	Ordinal0 [0x006B6688+1992328]&#10;	Ordinal0 [0x006B6775+1992565]&#10;	Ordinal0 [0x006BF8D1+2029777]&#10;	BaseThreadInitThunk [0x7725FA29+25]&#10;	RtlGetAppContainerNamedObjectPath [0x77777A9E+286]&#10;	RtlGetAppContainerNamedObjectPath [0x77777A6E+238]&#10;"/>
  </testcase>
  <testcase name="Test_Case_036" classname="com.webdriveruniversity.testcases.Actions_Page_Test" time="0">
    <skipped message="session not created: This version of ChromeDriver only supports Chrome version 101&#10;Current browser version is 103.0.5060.66 with binary path C:\Users\sakka\AppData\Local\Google\Chrome\Application\chrome.exe&#10;Build info: version: &apos;3.141.59&apos;, revision: &apos;e82be7d358&apos;, time: &apos;2018-11-14T08:17:03&apos;&#10;System info: host: &apos;DESKTOP-NALDS22&apos;, ip: &apos;192.168.0.107&apos;, os.name: &apos;Windows 10&apos;, os.arch: &apos;amd64&apos;, os.version: &apos;10.0&apos;, java.version: &apos;1.8.0_333&apos;&#10;Driver info: driver.version: ChromeDriver&#10;remote stacktrace: Backtrace:&#10;	Ordinal0 [0x0071B8F3+2406643]&#10;	Ordinal0 [0x006AAF31+1945393]&#10;	Ordinal0 [0x0059C748+837448]&#10;	Ordinal0 [0x005BC8B3+968883]&#10;	Ordinal0 [0x005B84BA+951482]&#10;	Ordinal0 [0x005B5D71+941425]&#10;	Ordinal0 [0x005E8EE0+1150688]&#10;	Ordinal0 [0x005E8B3A+1149754]&#10;	Ordinal0 [0x005E4096+1130646]&#10;	Ordinal0 [0x005BE636+976438]&#10;	Ordinal0 [0x005BF546+980294]&#10;	GetHandleVerifier [0x00989612+2498066]&#10;	GetHandleVerifier [0x0097C920+2445600]&#10;	GetHandleVerifier [0x007B4F2A+579370]&#10;	GetHandleVerifier [0x007B3D36+574774]&#10;	Ordinal0 [0x006B1C0B+1973259]&#10;	Ordinal0 [0x006B6688+1992328]&#10;	Ordinal0 [0x006B6775+1992565]&#10;	Ordinal0 [0x006BF8D1+2029777]&#10;	BaseThreadInitThunk [0x7725FA29+25]&#10;	RtlGetAppContainerNamedObjectPath [0x77777A9E+286]&#10;	RtlGetAppContainerNamedObjectPath [0x77777A6E+238]&#10;"/>
  </testcase>
  <testcase name="Test_Case_037" classname="com.webdriveruniversity.testcases.Actions_Page_Test" time="0">
    <skipped message="session not created: This version of ChromeDriver only supports Chrome version 101&#10;Current browser version is 103.0.5060.66 with binary path C:\Users\sakka\AppData\Local\Google\Chrome\Application\chrome.exe&#10;Build info: version: &apos;3.141.59&apos;, revision: &apos;e82be7d358&apos;, time: &apos;2018-11-14T08:17:03&apos;&#10;System info: host: &apos;DESKTOP-NALDS22&apos;, ip: &apos;192.168.0.107&apos;, os.name: &apos;Windows 10&apos;, os.arch: &apos;amd64&apos;, os.version: &apos;10.0&apos;, java.version: &apos;1.8.0_333&apos;&#10;Driver info: driver.version: ChromeDriver&#10;remote stacktrace: Backtrace:&#10;	Ordinal0 [0x0071B8F3+2406643]&#10;	Ordinal0 [0x006AAF31+1945393]&#10;	Ordinal0 [0x0059C748+837448]&#10;	Ordinal0 [0x005BC8B3+968883]&#10;	Ordinal0 [0x005B84BA+951482]&#10;	Ordinal0 [0x005B5D71+941425]&#10;	Ordinal0 [0x005E8EE0+1150688]&#10;	Ordinal0 [0x005E8B3A+1149754]&#10;	Ordinal0 [0x005E4096+1130646]&#10;	Ordinal0 [0x005BE636+976438]&#10;	Ordinal0 [0x005BF546+980294]&#10;	GetHandleVerifier [0x00989612+2498066]&#10;	GetHandleVerifier [0x0097C920+2445600]&#10;	GetHandleVerifier [0x007B4F2A+579370]&#10;	GetHandleVerifier [0x007B3D36+574774]&#10;	Ordinal0 [0x006B1C0B+1973259]&#10;	Ordinal0 [0x006B6688+1992328]&#10;	Ordinal0 [0x006B6775+1992565]&#10;	Ordinal0 [0x006BF8D1+2029777]&#10;	BaseThreadInitThunk [0x7725FA29+25]&#10;	RtlGetAppContainerNamedObjectPath [0x77777A9E+286]&#10;	RtlGetAppContainerNamedObjectPath [0x77777A6E+238]&#10;"/>
  </testcase>
  <testcase name="Browser_Close" classname="com.webdriveruniversity.testcases.Actions_Page_Test" time="0">
    <skipped/>
  </testcase>
  <testcase name="Browser_Launch" classname="com.webdriveruniversity.testcases.Scrolling_Page_Test" time="14.106">
    <failure message="session not created: This version of ChromeDriver only supports Chrome version 101&#10;Current browser version is 103.0.5060.66 with binary path C:\Users\sakka\AppData\Local\Google\Chrome\Application\chrome.exe&#10;Build info: version: &apos;3.141.59&apos;, revision: &apos;e82be7d358&apos;, time: &apos;2018-11-14T08:17:03&apos;&#10;System info: host: &apos;DESKTOP-NALDS22&apos;, ip: &apos;192.168.0.107&apos;, os.name: &apos;Windows 10&apos;, os.arch: &apos;amd64&apos;, os.version: &apos;10.0&apos;, java.version: &apos;1.8.0_333&apos;&#10;Driver info: driver.version: ChromeDriver&#10;remote stacktrace: Backtrace:&#10;	Ordinal0 [0x0071B8F3+2406643]&#10;	Ordinal0 [0x006AAF31+1945393]&#10;	Ordinal0 [0x0059C748+837448]&#10;	Ordinal0 [0x005BC8B3+968883]&#10;	Ordinal0 [0x005B84BA+951482]&#10;	Ordinal0 [0x005B5D71+941425]&#10;	Ordinal0 [0x005E8EE0+1150688]&#10;	Ordinal0 [0x005E8B3A+1149754]&#10;	Ordinal0 [0x005E4096+1130646]&#10;	Ordinal0 [0x005BE636+976438]&#10;	Ordinal0 [0x005BF546+980294]&#10;	GetHandleVerifier [0x00989612+2498066]&#10;	GetHandleVerifier [0x0097C920+2445600]&#10;	GetHandleVerifier [0x007B4F2A+579370]&#10;	GetHandleVerifier [0x007B3D36+574774]&#10;	Ordinal0 [0x006B1C0B+1973259]&#10;	Ordinal0 [0x006B6688+1992328]&#10;	Ordinal0 [0x006B6775+1992565]&#10;	Ordinal0 [0x006BF8D1+2029777]&#10;	BaseThreadInitThunk [0x7725FA29+25]&#10;	RtlGetAppContainerNamedObjectPath [0x77777A9E+286]&#10;	RtlGetAppContainerNamedObjectPath [0x77777A6E+238]&#10;" type="org.openqa.selenium.SessionNotCreatedException">org.openqa.selenium.SessionNotCreatedException: 
session not created: This version of ChromeDriver only supports Chrome version 101
Current browser version is 103.0.5060.66 with binary path C:\Users\sakka\AppData\Local\Google\Chrome\Application\chrome.exe
Build info: version: '3.141.59', revision: 'e82be7d358', time: '2018-11-14T08:17:03'
System info: host: 'DESKTOP-NALDS22', ip: '192.168.0.107', os.name: 'Windows 10', os.arch: 'amd64', os.version: '10.0', java.version: '1.8.0_333'
Driver info: driver.version: ChromeDriver
remote stacktrace: Backtrace:
	Ordinal0 [0x0071B8F3+2406643]
	Ordinal0 [0x006AAF31+1945393]
	Ordinal0 [0x0059C748+837448]
	Ordinal0 [0x005BC8B3+968883]
	Ordinal0 [0x005B84BA+951482]
	Ordinal0 [0x005B5D71+941425]
	Ordinal0 [0x005E8EE0+1150688]
	Ordinal0 [0x005E8B3A+1149754]
	Ordinal0 [0x005E4096+1130646]
	Ordinal0 [0x005BE636+976438]
	Ordinal0 [0x005BF546+980294]
	GetHandleVerifier [0x00989612+2498066]
	GetHandleVerifier [0x0097C920+2445600]
	GetHandleVerifier [0x007B4F2A+579370]
	GetHandleVerifier [0x007B3D36+574774]
	Ordinal0 [0x006B1C0B+1973259]
	Ordinal0 [0x006B6688+1992328]
	Ordinal0 [0x006B6775+1992565]
	Ordinal0 [0x006BF8D1+2029777]
	BaseThreadInitThunk [0x7725FA29+25]
	RtlGetAppContainerNamedObjectPath [0x77777A9E+286]
	RtlGetAppContainerNamedObjectPath [0x77777A6E+238]

</failure>
    <system-err><![CDATA[Starting ChromeDriver 101.0.4951.41 (93c720db8323b3ec10d056025ab95c23a31997c9-refs/branch-heads/4951@{#904}) on port 32911
Only local connections are allowed.
Please see https://chromedriver.chromium.org/security-considerations for suggestions on keeping ChromeDriver safe.
ChromeDriver was started successfully.
]]></system-err>
  </testcase>
  <testcase name="Test_Case_038" classname="com.webdriveruniversity.testcases.Scrolling_Page_Test" time="0">
    <skipped message="session not created: This version of ChromeDriver only supports Chrome version 101&#10;Current browser version is 103.0.5060.66 with binary path C:\Users\sakka\AppData\Local\Google\Chrome\Application\chrome.exe&#10;Build info: version: &apos;3.141.59&apos;, revision: &apos;e82be7d358&apos;, time: &apos;2018-11-14T08:17:03&apos;&#10;System info: host: &apos;DESKTOP-NALDS22&apos;, ip: &apos;192.168.0.107&apos;, os.name: &apos;Windows 10&apos;, os.arch: &apos;amd64&apos;, os.version: &apos;10.0&apos;, java.version: &apos;1.8.0_333&apos;&#10;Driver info: driver.version: ChromeDriver&#10;remote stacktrace: Backtrace:&#10;	Ordinal0 [0x0071B8F3+2406643]&#10;	Ordinal0 [0x006AAF31+1945393]&#10;	Ordinal0 [0x0059C748+837448]&#10;	Ordinal0 [0x005BC8B3+968883]&#10;	Ordinal0 [0x005B84BA+951482]&#10;	Ordinal0 [0x005B5D71+941425]&#10;	Ordinal0 [0x005E8EE0+1150688]&#10;	Ordinal0 [0x005E8B3A+1149754]&#10;	Ordinal0 [0x005E4096+1130646]&#10;	Ordinal0 [0x005BE636+976438]&#10;	Ordinal0 [0x005BF546+980294]&#10;	GetHandleVerifier [0x00989612+2498066]&#10;	GetHandleVerifier [0x0097C920+2445600]&#10;	GetHandleVerifier [0x007B4F2A+579370]&#10;	GetHandleVerifier [0x007B3D36+574774]&#10;	Ordinal0 [0x006B1C0B+1973259]&#10;	Ordinal0 [0x006B6688+1992328]&#10;	Ordinal0 [0x006B6775+1992565]&#10;	Ordinal0 [0x006BF8D1+2029777]&#10;	BaseThreadInitThunk [0x7725FA29+25]&#10;	RtlGetAppContainerNamedObjectPath [0x77777A9E+286]&#10;	RtlGetAppContainerNamedObjectPath [0x77777A6E+238]&#10;"/>
  </testcase>
  <testcase name="Test_Case_039" classname="com.webdriveruniversity.testcases.Scrolling_Page_Test" time="0">
    <skipped message="session not created: This version of ChromeDriver only supports Chrome version 101&#10;Current browser version is 103.0.5060.66 with binary path C:\Users\sakka\AppData\Local\Google\Chrome\Application\chrome.exe&#10;Build info: version: &apos;3.141.59&apos;, revision: &apos;e82be7d358&apos;, time: &apos;2018-11-14T08:17:03&apos;&#10;System info: host: &apos;DESKTOP-NALDS22&apos;, ip: &apos;192.168.0.107&apos;, os.name: &apos;Windows 10&apos;, os.arch: &apos;amd64&apos;, os.version: &apos;10.0&apos;, java.version: &apos;1.8.0_333&apos;&#10;Driver info: driver.version: ChromeDriver&#10;remote stacktrace: Backtrace:&#10;	Ordinal0 [0x0071B8F3+2406643]&#10;	Ordinal0 [0x006AAF31+1945393]&#10;	Ordinal0 [0x0059C748+837448]&#10;	Ordinal0 [0x005BC8B3+968883]&#10;	Ordinal0 [0x005B84BA+951482]&#10;	Ordinal0 [0x005B5D71+941425]&#10;	Ordinal0 [0x005E8EE0+1150688]&#10;	Ordinal0 [0x005E8B3A+1149754]&#10;	Ordinal0 [0x005E4096+1130646]&#10;	Ordinal0 [0x005BE636+976438]&#10;	Ordinal0 [0x005BF546+980294]&#10;	GetHandleVerifier [0x00989612+2498066]&#10;	GetHandleVerifier [0x0097C920+2445600]&#10;	GetHandleVerifier [0x007B4F2A+579370]&#10;	GetHandleVerifier [0x007B3D36+574774]&#10;	Ordinal0 [0x006B1C0B+1973259]&#10;	Ordinal0 [0x006B6688+1992328]&#10;	Ordinal0 [0x006B6775+1992565]&#10;	Ordinal0 [0x006BF8D1+2029777]&#10;	BaseThreadInitThunk [0x7725FA29+25]&#10;	RtlGetAppContainerNamedObjectPath [0x77777A9E+286]&#10;	RtlGetAppContainerNamedObjectPath [0x77777A6E+238]&#10;"/>
  </testcase>
  <testcase name="Test_Case_040" classname="com.webdriveruniversity.testcases.Scrolling_Page_Test" time="0">
    <skipped message="session not created: This version of ChromeDriver only supports Chrome version 101&#10;Current browser version is 103.0.5060.66 with binary path C:\Users\sakka\AppData\Local\Google\Chrome\Application\chrome.exe&#10;Build info: version: &apos;3.141.59&apos;, revision: &apos;e82be7d358&apos;, time: &apos;2018-11-14T08:17:03&apos;&#10;System info: host: &apos;DESKTOP-NALDS22&apos;, ip: &apos;192.168.0.107&apos;, os.name: &apos;Windows 10&apos;, os.arch: &apos;amd64&apos;, os.version: &apos;10.0&apos;, java.version: &apos;1.8.0_333&apos;&#10;Driver info: driver.version: ChromeDriver&#10;remote stacktrace: Backtrace:&#10;	Ordinal0 [0x0071B8F3+2406643]&#10;	Ordinal0 [0x006AAF31+1945393]&#10;	Ordinal0 [0x0059C748+837448]&#10;	Ordinal0 [0x005BC8B3+968883]&#10;	Ordinal0 [0x005B84BA+951482]&#10;	Ordinal0 [0x005B5D71+941425]&#10;	Ordinal0 [0x005E8EE0+1150688]&#10;	Ordinal0 [0x005E8B3A+1149754]&#10;	Ordinal0 [0x005E4096+1130646]&#10;	Ordinal0 [0x005BE636+976438]&#10;	Ordinal0 [0x005BF546+980294]&#10;	GetHandleVerifier [0x00989612+2498066]&#10;	GetHandleVerifier [0x0097C920+2445600]&#10;	GetHandleVerifier [0x007B4F2A+579370]&#10;	GetHandleVerifier [0x007B3D36+574774]&#10;	Ordinal0 [0x006B1C0B+1973259]&#10;	Ordinal0 [0x006B6688+1992328]&#10;	Ordinal0 [0x006B6775+1992565]&#10;	Ordinal0 [0x006BF8D1+2029777]&#10;	BaseThreadInitThunk [0x7725FA29+25]&#10;	RtlGetAppContainerNamedObjectPath [0x77777A9E+286]&#10;	RtlGetAppContainerNamedObjectPath [0x77777A6E+238]&#10;"/>
  </testcase>
  <testcase name="Test_Case_041" classname="com.webdriveruniversity.testcases.Scrolling_Page_Test" time="0">
    <skipped message="session not created: This version of ChromeDriver only supports Chrome version 101&#10;Current browser version is 103.0.5060.66 with binary path C:\Users\sakka\AppData\Local\Google\Chrome\Application\chrome.exe&#10;Build info: version: &apos;3.141.59&apos;, revision: &apos;e82be7d358&apos;, time: &apos;2018-11-14T08:17:03&apos;&#10;System info: host: &apos;DESKTOP-NALDS22&apos;, ip: &apos;192.168.0.107&apos;, os.name: &apos;Windows 10&apos;, os.arch: &apos;amd64&apos;, os.version: &apos;10.0&apos;, java.version: &apos;1.8.0_333&apos;&#10;Driver info: driver.version: ChromeDriver&#10;remote stacktrace: Backtrace:&#10;	Ordinal0 [0x0071B8F3+2406643]&#10;	Ordinal0 [0x006AAF31+1945393]&#10;	Ordinal0 [0x0059C748+837448]&#10;	Ordinal0 [0x005BC8B3+968883]&#10;	Ordinal0 [0x005B84BA+951482]&#10;	Ordinal0 [0x005B5D71+941425]&#10;	Ordinal0 [0x005E8EE0+1150688]&#10;	Ordinal0 [0x005E8B3A+1149754]&#10;	Ordinal0 [0x005E4096+1130646]&#10;	Ordinal0 [0x005BE636+976438]&#10;	Ordinal0 [0x005BF546+980294]&#10;	GetHandleVerifier [0x00989612+2498066]&#10;	GetHandleVerifier [0x0097C920+2445600]&#10;	GetHandleVerifier [0x007B4F2A+579370]&#10;	GetHandleVerifier [0x007B3D36+574774]&#10;	Ordinal0 [0x006B1C0B+1973259]&#10;	Ordinal0 [0x006B6688+1992328]&#10;	Ordinal0 [0x006B6775+1992565]&#10;	Ordinal0 [0x006BF8D1+2029777]&#10;	BaseThreadInitThunk [0x7725FA29+25]&#10;	RtlGetAppContainerNamedObjectPath [0x77777A9E+286]&#10;	RtlGetAppContainerNamedObjectPath [0x77777A6E+238]&#10;"/>
  </testcase>
  <testcase name="Test_Case_042" classname="com.webdriveruniversity.testcases.Scrolling_Page_Test" time="0">
    <skipped message="Method Scrolling_Page_Test.Test_Case_042()[pri:0, instance:com.webdriveruniversity.testcases.Scrolling_Page_Test@617c74e5] depends on not successfully finished methods"/>
  </testcase>
  <testcase name="Browser_Close" classname="com.webdriveruniversity.testcases.Scrolling_Page_Test" time="0">
    <skipped/>
  </testcase>
</testsuite>