<?xml version="1.0" encoding="UTF-8"?>
<testng-results skipped="0" failed="0" ignored="0" total="27" passed="27">
  <reporter-output>
    <line>
      <![CDATA[Test case 1 : On Clicking Login Portal link redirecting to Login Page : true]]>
    </line>
    <line>
      <![CDATA[Test Case 2 : Login Successful using valid credentials : true]]>
    </line>
    <line>
      <![CDATA[Test Case 3 : Login unsuccessful using invalid credentials : true]]>
    </line>
    <line>
      <![CDATA[Test Case 4 : Login unsuccessful using invalid credentials : true]]>
    </line>
    <line>
      <![CDATA[Test Case 5 : Login unsuccessful using invalid credentials : true]]>
    </line>
    <line>
      <![CDATA[Test Case 6 : On clicking buttons links redirecting to buttons Page : true]]>
    </line>
    <line>
      <![CDATA[Test Case 7 : User Able to click the Webelement click : true]]>
    </line>
    <line>
      <![CDATA[Test Case 8 : User Able to click the Javascript click : true]]>
    </line>
    <line>
      <![CDATA[Test Case 9 : User Able to click the Action Move click : true]]>
    </line>
    <line>
      <![CDATA[Test Case 010 : On Clicking the To do list link redireccting to to do list page : true]]>
    </line>
    <line>
      <![CDATA[Test Case 011 : On Launching the page Add new to do field is Displayed : true]]>
    </line>
    <line>
      <![CDATA[Test Case 012 : On Clicking the plus button Add new to do field is Hidden if it is displayed earlier: true]]>
    </line>
    <line>
      <![CDATA[Test Case 013 : On Clicking the plus button Add new to do field is Displayed if it is in Hidden state earlier : true]]>
    </line>
    <line>
      <![CDATA[Test Case 014 : On Clicking the Go To Portion class button, its status changed to completed : true]]>
    </line>
    <line>
      <![CDATA[Test Case 015 : On Clicking the Buy New Robes button, its status changed to completed : true]]>
    </line>
    <line>
      <![CDATA[Test Case 016 : On Clicking the practice magic button, its status changed to completed : true]]>
    </line>
    <line>
      <![CDATA[Test Case 017 : User Able to Delete to do list one by one : true]]>
    </line>
    <line>
      <![CDATA[Test Case 018 : User Able to add to do actions in To do list : Go to Gym]]>
    </line>
    <line>
      <![CDATA[Test Case 019 : On clicking DCR page link redirecting to DCR Page : true]]>
    </line>
    <line>
      <![CDATA[Test Case 020 : DropDown one is working according to user expectations : true]]>
    </line>
    <line>
      <![CDATA[Test Case 021 : DropDown two is working according to user expectations : true]]>
    </line>
    <line>
      <![CDATA[Test Case 022 : DropDown three is working according to user expectations : true]]>
    </line>
    <line>
      <![CDATA[Test Case 023 : User able to select first check Box : true]]>
    </line>
    <line>
      <![CDATA[Test Case 024 : User able to select second check Box : true]]>
    </line>
    <line>
      <![CDATA[Test Case 025 : User able to unselect third check Box : true]]>
    </line>
    <line>
      <![CDATA[Test Case 026 : User able to select second check Box : true]]>
    </line>
    <line>
      <![CDATA[Test Case 027 : Radio Button 1 is Working as Expected : true]]>
    </line>
    <line>
      <![CDATA[Test Case 027 : Radio Button 2 is Working as Expected : true]]>
    </line>
    <line>
      <![CDATA[Test Case 027 : Radio Button 3 is Working as Expected : true]]>
    </line>
    <line>
      <![CDATA[Test Case 027 : Radio Button 4 is Working as Expected : true]]>
    </line>
    <line>
      <![CDATA[Test Case 027 : Radio Button 5 is Working as Expected : true]]>
    </line>
  </reporter-output>
  <suite name="MyFirstProject" duration-ms="129561" started-at="2022-06-15T07:00:45Z" finished-at="2022-06-15T07:02:55Z">
    <groups>
    </groups>
    <test name="MyFirstProject" duration-ms="129561" started-at="2022-06-15T07:00:45Z" finished-at="2022-06-15T07:02:55Z">
      <class name="com.webdriveruniversity.testcases.Buttons_Page_Test">
        <test-method status="PASS" signature="Browser_Launch(java.lang.String)[pri:0, instance:com.webdriveruniversity.testcases.Buttons_Page_Test@5315b42e]" name="Browser_Launch" is-config="true" duration-ms="6180" started-at="2022-06-15T07:01:00Z" finished-at="2022-06-15T07:01:06Z">
          <params>
            <param index="0">
              <value>
                <![CDATA[Chrome]]>
              </value>
            </param>
          </params>
          <reporter-output>
          </reporter-output>
        </test-method> <!-- Browser_Launch -->
        <test-method status="PASS" signature="TestCase_006()[pri:0, instance:com.webdriveruniversity.testcases.Buttons_Page_Test@5315b42e]" name="TestCase_006" duration-ms="1095" started-at="2022-06-15T07:01:06Z" finished-at="2022-06-15T07:01:07Z">
          <reporter-output>
            <line>
              <![CDATA[Test Case 6 : On clicking buttons links redirecting to buttons Page : true]]>
            </line>
          </reporter-output>
        </test-method> <!-- TestCase_006 -->
        <test-method status="PASS" signature="TestCase_007()[pri:0, instance:com.webdriveruniversity.testcases.Buttons_Page_Test@5315b42e]" name="TestCase_007" duration-ms="2276" started-at="2022-06-15T07:01:07Z" depends-on-methods="com.webdriveruniversity.testcases.Buttons_Page_Test.TestCase_006" finished-at="2022-06-15T07:01:09Z">
          <reporter-output>
            <line>
              <![CDATA[Test Case 7 : User Able to click the Webelement click : true]]>
            </line>
          </reporter-output>
        </test-method> <!-- TestCase_007 -->
        <test-method status="PASS" signature="TestCase_008()[pri:0, instance:com.webdriveruniversity.testcases.Buttons_Page_Test@5315b42e]" name="TestCase_008" duration-ms="2277" started-at="2022-06-15T07:01:09Z" depends-on-methods="com.webdriveruniversity.testcases.Buttons_Page_Test.TestCase_006" finished-at="2022-06-15T07:01:12Z">
          <reporter-output>
            <line>
              <![CDATA[Test Case 8 : User Able to click the Javascript click : true]]>
            </line>
          </reporter-output>
        </test-method> <!-- TestCase_008 -->
        <test-method status="PASS" signature="TestCase_009()[pri:0, instance:com.webdriveruniversity.testcases.Buttons_Page_Test@5315b42e]" name="TestCase_009" duration-ms="4462" started-at="2022-06-15T07:01:12Z" depends-on-methods="com.webdriveruniversity.testcases.Buttons_Page_Test.TestCase_006" finished-at="2022-06-15T07:01:16Z">
          <reporter-output>
            <line>
              <![CDATA[Test Case 9 : User Able to click the Action Move click : true]]>
            </line>
          </reporter-output>
        </test-method> <!-- TestCase_009 -->
        <test-method status="PASS" signature="Browser_Close()[pri:0, instance:com.webdriveruniversity.testcases.Buttons_Page_Test@5315b42e]" name="Browser_Close" is-config="true" duration-ms="1128" started-at="2022-06-15T07:01:16Z" finished-at="2022-06-15T07:01:17Z">
          <reporter-output>
          </reporter-output>
        </test-method> <!-- Browser_Close -->
      </class> <!-- com.webdriveruniversity.testcases.Buttons_Page_Test -->
      <class name="com.webdriveruniversity.testcases.Login_Page_Test">
        <test-method status="PASS" signature="Browser_Launch(java.lang.String)[pri:0, instance:com.webdriveruniversity.testcases.Login_Page_Test@62043840]" name="Browser_Launch" is-config="true" duration-ms="8881" started-at="2022-06-15T07:00:45Z" finished-at="2022-06-15T07:00:54Z">
          <params>
            <param index="0">
              <value>
                <![CDATA[Chrome]]>
              </value>
            </param>
          </params>
          <reporter-output>
          </reporter-output>
        </test-method> <!-- Browser_Launch -->
        <test-method status="PASS" signature="TestCase_001()[pri:0, instance:com.webdriveruniversity.testcases.Login_Page_Test@62043840]" name="TestCase_001" duration-ms="1782" started-at="2022-06-15T07:00:54Z" finished-at="2022-06-15T07:00:56Z">
          <reporter-output>
            <line>
              <![CDATA[Test case 1 : On Clicking Login Portal link redirecting to Login Page : true]]>
            </line>
          </reporter-output>
        </test-method> <!-- TestCase_001 -->
        <test-method status="PASS" signature="TestCase_002()[pri:0, instance:com.webdriveruniversity.testcases.Login_Page_Test@62043840]" name="TestCase_002" duration-ms="1093" started-at="2022-06-15T07:00:56Z" depends-on-methods="com.webdriveruniversity.testcases.Login_Page_Test.TestCase_001" finished-at="2022-06-15T07:00:57Z">
          <reporter-output>
            <line>
              <![CDATA[Test Case 2 : Login Successful using valid credentials : true]]>
            </line>
          </reporter-output>
        </test-method> <!-- TestCase_002 -->
        <test-method status="PASS" signature="TestCase_003()[pri:0, instance:com.webdriveruniversity.testcases.Login_Page_Test@62043840]" name="TestCase_003" duration-ms="446" started-at="2022-06-15T07:00:57Z" depends-on-methods="com.webdriveruniversity.testcases.Login_Page_Test.TestCase_001" finished-at="2022-06-15T07:00:58Z">
          <reporter-output>
            <line>
              <![CDATA[Test Case 3 : Login unsuccessful using invalid credentials : true]]>
            </line>
          </reporter-output>
        </test-method> <!-- TestCase_003 -->
        <test-method status="PASS" signature="TestCase_004()[pri:0, instance:com.webdriveruniversity.testcases.Login_Page_Test@62043840]" name="TestCase_004" duration-ms="489" started-at="2022-06-15T07:00:58Z" depends-on-methods="com.webdriveruniversity.testcases.Login_Page_Test.TestCase_001" finished-at="2022-06-15T07:00:58Z">
          <reporter-output>
            <line>
              <![CDATA[Test Case 4 : Login unsuccessful using invalid credentials : true]]>
            </line>
          </reporter-output>
        </test-method> <!-- TestCase_004 -->
        <test-method status="PASS" signature="TestCase_005()[pri:0, instance:com.webdriveruniversity.testcases.Login_Page_Test@62043840]" name="TestCase_005" duration-ms="438" started-at="2022-06-15T07:00:58Z" depends-on-methods="com.webdriveruniversity.testcases.Login_Page_Test.TestCase_001" finished-at="2022-06-15T07:00:59Z">
          <reporter-output>
            <line>
              <![CDATA[Test Case 5 : Login unsuccessful using invalid credentials : true]]>
            </line>
          </reporter-output>
        </test-method> <!-- TestCase_005 -->
        <test-method status="PASS" signature="Browser_Close()[pri:0, instance:com.webdriveruniversity.testcases.Login_Page_Test@62043840]" name="Browser_Close" is-config="true" duration-ms="1192" started-at="2022-06-15T07:00:59Z" finished-at="2022-06-15T07:01:00Z">
          <reporter-output>
          </reporter-output>
        </test-method> <!-- Browser_Close -->
      </class> <!-- com.webdriveruniversity.testcases.Login_Page_Test -->
      <class name="com.webdriveruniversity.testcases.To_do_List_Test">
        <test-method status="PASS" signature="Browser_Launch(java.lang.String)[pri:0, instance:com.webdriveruniversity.testcases.To_do_List_Test@2ef9b8bc]" name="Browser_Launch" is-config="true" duration-ms="4976" started-at="2022-06-15T07:01:17Z" finished-at="2022-06-15T07:01:22Z">
          <params>
            <param index="0">
              <value>
                <![CDATA[Chrome]]>
              </value>
            </param>
          </params>
          <reporter-output>
          </reporter-output>
        </test-method> <!-- Browser_Launch -->
        <test-method status="PASS" signature="Test_Case_010()[pri:0, instance:com.webdriveruniversity.testcases.To_do_List_Test@2ef9b8bc]" name="Test_Case_010" duration-ms="925" started-at="2022-06-15T07:01:22Z" finished-at="2022-06-15T07:01:23Z">
          <reporter-output>
            <line>
              <![CDATA[Test Case 010 : On Clicking the To do list link redireccting to to do list page : true]]>
            </line>
          </reporter-output>
        </test-method> <!-- Test_Case_010 -->
        <test-method status="PASS" signature="Test_Case_011()[pri:0, instance:com.webdriveruniversity.testcases.To_do_List_Test@2ef9b8bc]" name="Test_Case_011" duration-ms="2169" started-at="2022-06-15T07:01:23Z" finished-at="2022-06-15T07:01:25Z">
          <reporter-output>
            <line>
              <![CDATA[Test Case 011 : On Launching the page Add new to do field is Displayed : true]]>
            </line>
          </reporter-output>
        </test-method> <!-- Test_Case_011 -->
        <test-method status="PASS" signature="Test_Case_012()[pri:0, instance:com.webdriveruniversity.testcases.To_do_List_Test@2ef9b8bc]" name="Test_Case_012" duration-ms="2230" started-at="2022-06-15T07:01:25Z" finished-at="2022-06-15T07:01:27Z">
          <reporter-output>
            <line>
              <![CDATA[Test Case 012 : On Clicking the plus button Add new to do field is Hidden if it is displayed earlier: true]]>
            </line>
          </reporter-output>
        </test-method> <!-- Test_Case_012 -->
        <test-method status="PASS" signature="Test_Case_013()[pri:0, instance:com.webdriveruniversity.testcases.To_do_List_Test@2ef9b8bc]" name="Test_Case_013" duration-ms="2170" started-at="2022-06-15T07:01:27Z" finished-at="2022-06-15T07:01:30Z">
          <reporter-output>
            <line>
              <![CDATA[Test Case 013 : On Clicking the plus button Add new to do field is Displayed if it is in Hidden state earlier : true]]>
            </line>
          </reporter-output>
        </test-method> <!-- Test_Case_013 -->
        <test-method status="PASS" signature="Test_Case_014()[pri:0, instance:com.webdriveruniversity.testcases.To_do_List_Test@2ef9b8bc]" name="Test_Case_014" duration-ms="2206" started-at="2022-06-15T07:01:30Z" finished-at="2022-06-15T07:01:32Z">
          <reporter-output>
            <line>
              <![CDATA[Test Case 014 : On Clicking the Go To Portion class button, its status changed to completed : true]]>
            </line>
          </reporter-output>
        </test-method> <!-- Test_Case_014 -->
        <test-method status="PASS" signature="Test_Case_015()[pri:0, instance:com.webdriveruniversity.testcases.To_do_List_Test@2ef9b8bc]" name="Test_Case_015" duration-ms="2203" started-at="2022-06-15T07:01:32Z" finished-at="2022-06-15T07:01:34Z">
          <reporter-output>
            <line>
              <![CDATA[Test Case 015 : On Clicking the Buy New Robes button, its status changed to completed : true]]>
            </line>
          </reporter-output>
        </test-method> <!-- Test_Case_015 -->
        <test-method status="PASS" signature="Test_Case_016()[pri:0, instance:com.webdriveruniversity.testcases.To_do_List_Test@2ef9b8bc]" name="Test_Case_016" duration-ms="2165" started-at="2022-06-15T07:01:34Z" finished-at="2022-06-15T07:01:36Z">
          <reporter-output>
            <line>
              <![CDATA[Test Case 016 : On Clicking the practice magic button, its status changed to completed : true]]>
            </line>
          </reporter-output>
        </test-method> <!-- Test_Case_016 -->
        <test-method status="PASS" signature="Test_Case_017()[pri:0, instance:com.webdriveruniversity.testcases.To_do_List_Test@2ef9b8bc]" name="Test_Case_017" duration-ms="8343" started-at="2022-06-15T07:01:36Z" finished-at="2022-06-15T07:01:45Z">
          <reporter-output>
            <line>
              <![CDATA[Test Case 017 : User Able to Delete to do list one by one : true]]>
            </line>
          </reporter-output>
        </test-method> <!-- Test_Case_017 -->
        <test-method status="PASS" signature="Test_Case_018()[pri:0, instance:com.webdriveruniversity.testcases.To_do_List_Test@2ef9b8bc]" name="Test_Case_018" duration-ms="2640" started-at="2022-06-15T07:01:45Z" finished-at="2022-06-15T07:01:47Z">
          <reporter-output>
            <line>
              <![CDATA[Test Case 018 : User Able to add to do actions in To do list : Go to Gym]]>
            </line>
          </reporter-output>
        </test-method> <!-- Test_Case_018 -->
        <test-method status="PASS" signature="Browser_Close()[pri:0, instance:com.webdriveruniversity.testcases.To_do_List_Test@2ef9b8bc]" name="Browser_Close" is-config="true" duration-ms="1170" started-at="2022-06-15T07:01:47Z" finished-at="2022-06-15T07:01:48Z">
          <reporter-output>
          </reporter-output>
        </test-method> <!-- Browser_Close -->
      </class> <!-- com.webdriveruniversity.testcases.To_do_List_Test -->
      <class name="com.webdriveruniversity.testcases.DCR_Page_Test">
        <test-method status="PASS" signature="Browser_Launch(java.lang.String)[pri:0, instance:com.webdriveruniversity.testcases.DCR_Page_Test@5d624da6]" name="Browser_Launch" is-config="true" duration-ms="4500" started-at="2022-06-15T07:01:48Z" finished-at="2022-06-15T07:01:53Z">
          <params>
            <param index="0">
              <value>
                <![CDATA[Chrome]]>
              </value>
            </param>
          </params>
          <reporter-output>
          </reporter-output>
        </test-method> <!-- Browser_Launch -->
        <test-method status="PASS" signature="Test_Case_019()[pri:0, instance:com.webdriveruniversity.testcases.DCR_Page_Test@5d624da6]" name="Test_Case_019" duration-ms="4421" started-at="2022-06-15T07:01:53Z" finished-at="2022-06-15T07:01:57Z">
          <reporter-output>
            <line>
              <![CDATA[Test Case 019 : On clicking DCR page link redirecting to DCR Page : true]]>
            </line>
          </reporter-output>
        </test-method> <!-- Test_Case_019 -->
        <test-method status="PASS" signature="Test_Case_020()[pri:0, instance:com.webdriveruniversity.testcases.DCR_Page_Test@5d624da6]" name="Test_Case_020" duration-ms="12649" started-at="2022-06-15T07:01:57Z" finished-at="2022-06-15T07:02:10Z">
          <reporter-output>
            <line>
              <![CDATA[Test Case 020 : DropDown one is working according to user expectations : true]]>
            </line>
          </reporter-output>
        </test-method> <!-- Test_Case_020 -->
        <test-method status="PASS" signature="Test_Case_021()[pri:0, instance:com.webdriveruniversity.testcases.DCR_Page_Test@5d624da6]" name="Test_Case_021" duration-ms="12060" started-at="2022-06-15T07:02:10Z" finished-at="2022-06-15T07:02:22Z">
          <reporter-output>
            <line>
              <![CDATA[Test Case 021 : DropDown two is working according to user expectations : true]]>
            </line>
          </reporter-output>
        </test-method> <!-- Test_Case_021 -->
        <test-method status="PASS" signature="Test_Case_022()[pri:0, instance:com.webdriveruniversity.testcases.DCR_Page_Test@5d624da6]" name="Test_Case_022" duration-ms="12109" started-at="2022-06-15T07:02:22Z" finished-at="2022-06-15T07:02:34Z">
          <reporter-output>
            <line>
              <![CDATA[Test Case 022 : DropDown three is working according to user expectations : true]]>
            </line>
          </reporter-output>
        </test-method> <!-- Test_Case_022 -->
        <test-method status="PASS" signature="Test_Case_023()[pri:0, instance:com.webdriveruniversity.testcases.DCR_Page_Test@5d624da6]" name="Test_Case_023" duration-ms="2191" started-at="2022-06-15T07:02:34Z" finished-at="2022-06-15T07:02:36Z">
          <reporter-output>
            <line>
              <![CDATA[Test Case 023 : User able to select first check Box : true]]>
            </line>
          </reporter-output>
        </test-method> <!-- Test_Case_023 -->
        <test-method status="PASS" signature="Test_Case_024()[pri:0, instance:com.webdriveruniversity.testcases.DCR_Page_Test@5d624da6]" name="Test_Case_024" duration-ms="2160" started-at="2022-06-15T07:02:36Z" finished-at="2022-06-15T07:02:38Z">
          <reporter-output>
            <line>
              <![CDATA[Test Case 024 : User able to select second check Box : true]]>
            </line>
          </reporter-output>
        </test-method> <!-- Test_Case_024 -->
        <test-method status="PASS" signature="Test_Case_025()[pri:0, instance:com.webdriveruniversity.testcases.DCR_Page_Test@5d624da6]" name="Test_Case_025" duration-ms="2164" started-at="2022-06-15T07:02:38Z" finished-at="2022-06-15T07:02:41Z">
          <reporter-output>
            <line>
              <![CDATA[Test Case 025 : User able to unselect third check Box : true]]>
            </line>
          </reporter-output>
        </test-method> <!-- Test_Case_025 -->
        <test-method status="PASS" signature="Test_Case_026()[pri:0, instance:com.webdriveruniversity.testcases.DCR_Page_Test@5d624da6]" name="Test_Case_026" duration-ms="2176" started-at="2022-06-15T07:02:41Z" finished-at="2022-06-15T07:02:43Z">
          <reporter-output>
            <line>
              <![CDATA[Test Case 026 : User able to select second check Box : true]]>
            </line>
          </reporter-output>
        </test-method> <!-- Test_Case_026 -->
        <test-method status="PASS" signature="Test_Case_027()[pri:0, instance:com.webdriveruniversity.testcases.DCR_Page_Test@5d624da6]" name="Test_Case_027" duration-ms="11159" started-at="2022-06-15T07:02:43Z" finished-at="2022-06-15T07:02:54Z">
          <reporter-output>
            <line>
              <![CDATA[Test Case 027 : Radio Button 1 is Working as Expected : true]]>
            </line>
            <line>
              <![CDATA[Test Case 027 : Radio Button 2 is Working as Expected : true]]>
            </line>
            <line>
              <![CDATA[Test Case 027 : Radio Button 3 is Working as Expected : true]]>
            </line>
            <line>
              <![CDATA[Test Case 027 : Radio Button 4 is Working as Expected : true]]>
            </line>
            <line>
              <![CDATA[Test Case 027 : Radio Button 5 is Working as Expected : true]]>
            </line>
          </reporter-output>
        </test-method> <!-- Test_Case_027 -->
        <test-method status="PASS" signature="Browser_Close()[pri:0, instance:com.webdriveruniversity.testcases.DCR_Page_Test@5d624da6]" name="Browser_Close" is-config="true" duration-ms="990" started-at="2022-06-15T07:02:54Z" finished-at="2022-06-15T07:02:55Z">
          <reporter-output>
          </reporter-output>
        </test-method> <!-- Browser_Close -->
      </class> <!-- com.webdriveruniversity.testcases.DCR_Page_Test -->
    </test> <!-- MyFirstProject -->
  </suite> <!-- MyFirstProject -->
</testng-results>
