<?xml version="1.0" encoding="UTF-8"?>
<testng-results skipped="0" failed="0" ignored="0" total="37" passed="37">
  <reporter-output>
    <line>
      <![CDATA[Test case 1 : On Clicking Login Portal link redirecting to Login Page : true]]>
    </line>
    <line>
      <![CDATA[Test Case 2 : Login Successful using valid credentials : true]]>
    </line>
    <line>
      <![CDATA[Test Case 3 : Login unsuccessful using invalid credentials : true]]>
    </line>
    <line>
      <![CDATA[Test Case 4 : Login unsuccessful using invalid credentials : true]]>
    </line>
    <line>
      <![CDATA[Test Case 5 : Login unsuccessful using invalid credentials : true]]>
    </line>
    <line>
      <![CDATA[Test Case 6 : On clicking buttons links redirecting to buttons Page : true]]>
    </line>
    <line>
      <![CDATA[Test Case 7 : User Able to click the Webelement click : true]]>
    </line>
    <line>
      <![CDATA[Test Case 8 : User Able to click the Javascript click : true]]>
    </line>
    <line>
      <![CDATA[Test Case 9 : User Able to click the Action Move click : true]]>
    </line>
    <line>
      <![CDATA[Test Case 010 : On Clicking the To do list link redireccting to to do list page : true]]>
    </line>
    <line>
      <![CDATA[Test Case 011 : On Launching the page Add new to do field is Displayed : true]]>
    </line>
    <line>
      <![CDATA[Test Case 012 : On Clicking the plus button Add new to do field is Hidden if it is displayed earlier: true]]>
    </line>
    <line>
      <![CDATA[Test Case 013 : On Clicking the plus button Add new to do field is Displayed if it is in Hidden state earlier : true]]>
    </line>
    <line>
      <![CDATA[Test Case 014 : On Clicking the Go To Portion class button, its status changed to completed : true]]>
    </line>
    <line>
      <![CDATA[Test Case 015 : On Clicking the Buy New Robes button, its status changed to completed : true]]>
    </line>
    <line>
      <![CDATA[Test Case 016 : On Clicking the practice magic button, its status changed to completed : true]]>
    </line>
    <line>
      <![CDATA[Test Case 017 : User Able to Delete to do list one by one : true]]>
    </line>
    <line>
      <![CDATA[Test Case 018 : User Able to add to do actions in To do list : Go to Gym]]>
    </line>
    <line>
      <![CDATA[Test Case 019 : On clicking DCR page link redirecting to DCR Page : true]]>
    </line>
    <line>
      <![CDATA[Test Case 020 : DropDown one is working according to user expectations : true]]>
    </line>
    <line>
      <![CDATA[Test Case 021 : DropDown two is working according to user expectations : true]]>
    </line>
    <line>
      <![CDATA[Test Case 022 : DropDown three is working according to user expectations : true]]>
    </line>
    <line>
      <![CDATA[Test Case 023 : User able to select first check Box : true]]>
    </line>
    <line>
      <![CDATA[Test Case 024 : User able to select second check Box : true]]>
    </line>
    <line>
      <![CDATA[Test Case 025 : User able to unselect third check Box : true]]>
    </line>
    <line>
      <![CDATA[Test Case 026 : User able to select second check Box : true]]>
    </line>
    <line>
      <![CDATA[Test Case 027 : Radio Button 1 is Working as Expected : true]]>
    </line>
    <line>
      <![CDATA[Test Case 027 : Radio Button 2 is Working as Expected : true]]>
    </line>
    <line>
      <![CDATA[Test Case 027 : Radio Button 3 is Working as Expected : true]]>
    </line>
    <line>
      <![CDATA[Test Case 027 : Radio Button 4 is Working as Expected : true]]>
    </line>
    <line>
      <![CDATA[Test Case 027 : Radio Button 5 is Working as Expected : true]]>
    </line>
    <line>
      <![CDATA[Test Case 028 : On Clicking Ajax loader page link, link is redirecting to Ajax Loader Page]]>
    </line>
    <line>
      <![CDATA[Test Case 029 : On Clicking Click button Modal Dialog is Displayed with expected text]]>
    </line>
    <line>
      <![CDATA[Test Case 030 : On Clicking Actions page link, link is redirecting to Actions page]]>
    </line>
    <line>
      <![CDATA[Test Case 031 : Drag and Drop is Working as Expected]]>
    </line>
    <line>
      <![CDATA[Test Case 032 : Double click working as expected]]>
    </line>
    <line>
      <![CDATA[Test Case 033 : Mouse Action & Link clicked successfully]]>
    </line>
    <line>
      <![CDATA[Test Case 034 : Mouse Action & Link clicked successfully]]>
    </line>
    <line>
      <![CDATA[Test Case 035 : Mouse Action & Link clicked successfully]]>
    </line>
    <line>
      <![CDATA[Test Case 036 : Mouse Action & Link clicked successfully]]>
    </line>
    <line>
      <![CDATA[Test Case 037 : Click & Hold Action wokring as expected]]>
    </line>
  </reporter-output>
  <suite name="MyFirstProject" duration-ms="198143" started-at="2022-06-23T04:52:24Z" finished-at="2022-06-23T04:55:42Z">
    <groups>
    </groups>
    <test name="MyFirstProject" duration-ms="198143" started-at="2022-06-23T04:52:24Z" finished-at="2022-06-23T04:55:42Z">
      <class name="com.webdriveruniversity.testcases.Buttons_Page_Test">
        <test-method status="PASS" signature="Browser_Launch(java.lang.String)[pri:0, instance:com.webdriveruniversity.testcases.Buttons_Page_Test@1e67b872]" name="Browser_Launch" is-config="true" duration-ms="7492" started-at="2022-06-23T04:52:58Z" finished-at="2022-06-23T04:53:05Z">
          <params>
            <param index="0">
              <value>
                <![CDATA[Chrome]]>
              </value>
            </param>
          </params>
          <reporter-output>
          </reporter-output>
        </test-method> <!-- Browser_Launch -->
        <test-method status="PASS" signature="TestCase_006()[pri:0, instance:com.webdriveruniversity.testcases.Buttons_Page_Test@1e67b872]" name="TestCase_006" duration-ms="1175" started-at="2022-06-23T04:53:05Z" finished-at="2022-06-23T04:53:06Z">
          <reporter-output>
            <line>
              <![CDATA[Test Case 6 : On clicking buttons links redirecting to buttons Page : true]]>
            </line>
          </reporter-output>
        </test-method> <!-- TestCase_006 -->
        <test-method status="PASS" signature="TestCase_007()[pri:0, instance:com.webdriveruniversity.testcases.Buttons_Page_Test@1e67b872]" name="TestCase_007" duration-ms="2340" started-at="2022-06-23T04:53:06Z" depends-on-methods="com.webdriveruniversity.testcases.Buttons_Page_Test.TestCase_006" finished-at="2022-06-23T04:53:09Z">
          <reporter-output>
            <line>
              <![CDATA[Test Case 7 : User Able to click the Webelement click : true]]>
            </line>
          </reporter-output>
        </test-method> <!-- TestCase_007 -->
        <test-method status="PASS" signature="TestCase_008()[pri:0, instance:com.webdriveruniversity.testcases.Buttons_Page_Test@1e67b872]" name="TestCase_008" duration-ms="2281" started-at="2022-06-23T04:53:09Z" depends-on-methods="com.webdriveruniversity.testcases.Buttons_Page_Test.TestCase_006" finished-at="2022-06-23T04:53:11Z">
          <reporter-output>
            <line>
              <![CDATA[Test Case 8 : User Able to click the Javascript click : true]]>
            </line>
          </reporter-output>
        </test-method> <!-- TestCase_008 -->
        <test-method status="PASS" signature="TestCase_009()[pri:0, instance:com.webdriveruniversity.testcases.Buttons_Page_Test@1e67b872]" name="TestCase_009" duration-ms="4485" started-at="2022-06-23T04:53:11Z" depends-on-methods="com.webdriveruniversity.testcases.Buttons_Page_Test.TestCase_006" finished-at="2022-06-23T04:53:15Z">
          <reporter-output>
            <line>
              <![CDATA[Test Case 9 : User Able to click the Action Move click : true]]>
            </line>
          </reporter-output>
        </test-method> <!-- TestCase_009 -->
        <test-method status="PASS" signature="Browser_Close()[pri:0, instance:com.webdriveruniversity.testcases.Buttons_Page_Test@1e67b872]" name="Browser_Close" is-config="true" duration-ms="1622" started-at="2022-06-23T04:53:15Z" finished-at="2022-06-23T04:53:17Z">
          <reporter-output>
          </reporter-output>
        </test-method> <!-- Browser_Close -->
      </class> <!-- com.webdriveruniversity.testcases.Buttons_Page_Test -->
      <class name="com.webdriveruniversity.testcases.Login_Page_Test">
        <test-method status="PASS" signature="Browser_Launch(java.lang.String)[pri:0, instance:com.webdriveruniversity.testcases.Login_Page_Test@5d624da6]" name="Browser_Launch" is-config="true" duration-ms="25193" started-at="2022-06-23T04:52:24Z" finished-at="2022-06-23T04:52:50Z">
          <params>
            <param index="0">
              <value>
                <![CDATA[Chrome]]>
              </value>
            </param>
          </params>
          <reporter-output>
          </reporter-output>
        </test-method> <!-- Browser_Launch -->
        <test-method status="PASS" signature="TestCase_001()[pri:0, instance:com.webdriveruniversity.testcases.Login_Page_Test@5d624da6]" name="TestCase_001" duration-ms="2057" started-at="2022-06-23T04:52:50Z" finished-at="2022-06-23T04:52:52Z">
          <reporter-output>
            <line>
              <![CDATA[Test case 1 : On Clicking Login Portal link redirecting to Login Page : true]]>
            </line>
          </reporter-output>
        </test-method> <!-- TestCase_001 -->
        <test-method status="PASS" signature="TestCase_002()[pri:0, instance:com.webdriveruniversity.testcases.Login_Page_Test@5d624da6]" name="TestCase_002" duration-ms="1390" started-at="2022-06-23T04:52:52Z" depends-on-methods="com.webdriveruniversity.testcases.Login_Page_Test.TestCase_001" finished-at="2022-06-23T04:52:53Z">
          <reporter-output>
            <line>
              <![CDATA[Test Case 2 : Login Successful using valid credentials : true]]>
            </line>
          </reporter-output>
        </test-method> <!-- TestCase_002 -->
        <test-method status="PASS" signature="TestCase_003()[pri:0, instance:com.webdriveruniversity.testcases.Login_Page_Test@5d624da6]" name="TestCase_003" duration-ms="784" started-at="2022-06-23T04:52:53Z" depends-on-methods="com.webdriveruniversity.testcases.Login_Page_Test.TestCase_001" finished-at="2022-06-23T04:52:54Z">
          <reporter-output>
            <line>
              <![CDATA[Test Case 3 : Login unsuccessful using invalid credentials : true]]>
            </line>
          </reporter-output>
        </test-method> <!-- TestCase_003 -->
        <test-method status="PASS" signature="TestCase_004()[pri:0, instance:com.webdriveruniversity.testcases.Login_Page_Test@5d624da6]" name="TestCase_004" duration-ms="728" started-at="2022-06-23T04:52:54Z" depends-on-methods="com.webdriveruniversity.testcases.Login_Page_Test.TestCase_001" finished-at="2022-06-23T04:52:55Z">
          <reporter-output>
            <line>
              <![CDATA[Test Case 4 : Login unsuccessful using invalid credentials : true]]>
            </line>
          </reporter-output>
        </test-method> <!-- TestCase_004 -->
        <test-method status="PASS" signature="TestCase_005()[pri:0, instance:com.webdriveruniversity.testcases.Login_Page_Test@5d624da6]" name="TestCase_005" duration-ms="675" started-at="2022-06-23T04:52:55Z" depends-on-methods="com.webdriveruniversity.testcases.Login_Page_Test.TestCase_001" finished-at="2022-06-23T04:52:55Z">
          <reporter-output>
            <line>
              <![CDATA[Test Case 5 : Login unsuccessful using invalid credentials : true]]>
            </line>
          </reporter-output>
        </test-method> <!-- TestCase_005 -->
        <test-method status="PASS" signature="Browser_Close()[pri:0, instance:com.webdriveruniversity.testcases.Login_Page_Test@5d624da6]" name="Browser_Close" is-config="true" duration-ms="2403" started-at="2022-06-23T04:52:55Z" finished-at="2022-06-23T04:52:58Z">
          <reporter-output>
          </reporter-output>
        </test-method> <!-- Browser_Close -->
      </class> <!-- com.webdriveruniversity.testcases.Login_Page_Test -->
      <class name="com.webdriveruniversity.testcases.To_do_List_Test">
        <test-method status="PASS" signature="Browser_Launch(java.lang.String)[pri:0, instance:com.webdriveruniversity.testcases.To_do_List_Test@60addb54]" name="Browser_Launch" is-config="true" duration-ms="7707" started-at="2022-06-23T04:53:17Z" finished-at="2022-06-23T04:53:25Z">
          <params>
            <param index="0">
              <value>
                <![CDATA[Chrome]]>
              </value>
            </param>
          </params>
          <reporter-output>
          </reporter-output>
        </test-method> <!-- Browser_Launch -->
        <test-method status="PASS" signature="Test_Case_010()[pri:0, instance:com.webdriveruniversity.testcases.To_do_List_Test@60addb54]" name="Test_Case_010" duration-ms="1489" started-at="2022-06-23T04:53:25Z" finished-at="2022-06-23T04:53:26Z">
          <reporter-output>
            <line>
              <![CDATA[Test Case 010 : On Clicking the To do list link redireccting to to do list page : true]]>
            </line>
          </reporter-output>
        </test-method> <!-- Test_Case_010 -->
        <test-method status="PASS" signature="Test_Case_011()[pri:0, instance:com.webdriveruniversity.testcases.To_do_List_Test@60addb54]" name="Test_Case_011" duration-ms="2254" started-at="2022-06-23T04:53:26Z" finished-at="2022-06-23T04:53:28Z">
          <reporter-output>
            <line>
              <![CDATA[Test Case 011 : On Launching the page Add new to do field is Displayed : true]]>
            </line>
          </reporter-output>
        </test-method> <!-- Test_Case_011 -->
        <test-method status="PASS" signature="Test_Case_012()[pri:0, instance:com.webdriveruniversity.testcases.To_do_List_Test@60addb54]" name="Test_Case_012" duration-ms="2238" started-at="2022-06-23T04:53:28Z" finished-at="2022-06-23T04:53:31Z">
          <reporter-output>
            <line>
              <![CDATA[Test Case 012 : On Clicking the plus button Add new to do field is Hidden if it is displayed earlier: true]]>
            </line>
          </reporter-output>
        </test-method> <!-- Test_Case_012 -->
        <test-method status="PASS" signature="Test_Case_013()[pri:0, instance:com.webdriveruniversity.testcases.To_do_List_Test@60addb54]" name="Test_Case_013" duration-ms="2197" started-at="2022-06-23T04:53:31Z" finished-at="2022-06-23T04:53:33Z">
          <reporter-output>
            <line>
              <![CDATA[Test Case 013 : On Clicking the plus button Add new to do field is Displayed if it is in Hidden state earlier : true]]>
            </line>
          </reporter-output>
        </test-method> <!-- Test_Case_013 -->
        <test-method status="PASS" signature="Test_Case_014()[pri:0, instance:com.webdriveruniversity.testcases.To_do_List_Test@60addb54]" name="Test_Case_014" duration-ms="2236" started-at="2022-06-23T04:53:33Z" finished-at="2022-06-23T04:53:35Z">
          <reporter-output>
            <line>
              <![CDATA[Test Case 014 : On Clicking the Go To Portion class button, its status changed to completed : true]]>
            </line>
          </reporter-output>
        </test-method> <!-- Test_Case_014 -->
        <test-method status="PASS" signature="Test_Case_015()[pri:0, instance:com.webdriveruniversity.testcases.To_do_List_Test@60addb54]" name="Test_Case_015" duration-ms="2212" started-at="2022-06-23T04:53:35Z" finished-at="2022-06-23T04:53:37Z">
          <reporter-output>
            <line>
              <![CDATA[Test Case 015 : On Clicking the Buy New Robes button, its status changed to completed : true]]>
            </line>
          </reporter-output>
        </test-method> <!-- Test_Case_015 -->
        <test-method status="PASS" signature="Test_Case_016()[pri:0, instance:com.webdriveruniversity.testcases.To_do_List_Test@60addb54]" name="Test_Case_016" duration-ms="2230" started-at="2022-06-23T04:53:37Z" finished-at="2022-06-23T04:53:40Z">
          <reporter-output>
            <line>
              <![CDATA[Test Case 016 : On Clicking the practice magic button, its status changed to completed : true]]>
            </line>
          </reporter-output>
        </test-method> <!-- Test_Case_016 -->
        <test-method status="PASS" signature="Test_Case_017()[pri:0, instance:com.webdriveruniversity.testcases.To_do_List_Test@60addb54]" name="Test_Case_017" duration-ms="8399" started-at="2022-06-23T04:53:40Z" finished-at="2022-06-23T04:53:48Z">
          <reporter-output>
            <line>
              <![CDATA[Test Case 017 : User Able to Delete to do list one by one : true]]>
            </line>
          </reporter-output>
        </test-method> <!-- Test_Case_017 -->
        <test-method status="PASS" signature="Test_Case_018()[pri:0, instance:com.webdriveruniversity.testcases.To_do_List_Test@60addb54]" name="Test_Case_018" duration-ms="2791" started-at="2022-06-23T04:53:48Z" finished-at="2022-06-23T04:53:51Z">
          <reporter-output>
            <line>
              <![CDATA[Test Case 018 : User Able to add to do actions in To do list : Go to Gym]]>
            </line>
          </reporter-output>
        </test-method> <!-- Test_Case_018 -->
        <test-method status="PASS" signature="Browser_Close()[pri:0, instance:com.webdriveruniversity.testcases.To_do_List_Test@60addb54]" name="Browser_Close" is-config="true" duration-ms="1626" started-at="2022-06-23T04:53:51Z" finished-at="2022-06-23T04:53:52Z">
          <reporter-output>
          </reporter-output>
        </test-method> <!-- Browser_Close -->
      </class> <!-- com.webdriveruniversity.testcases.To_do_List_Test -->
      <class name="com.webdriveruniversity.testcases.Ajax_Loader_Page_Test">
        <test-method status="PASS" signature="Browser_Launch(java.lang.String)[pri:0, instance:com.webdriveruniversity.testcases.Ajax_Loader_Page_Test@4cb2c100]" name="Browser_Launch" is-config="true" duration-ms="7739" started-at="2022-06-23T04:55:01Z" finished-at="2022-06-23T04:55:09Z">
          <params>
            <param index="0">
              <value>
                <![CDATA[Chrome]]>
              </value>
            </param>
          </params>
          <reporter-output>
          </reporter-output>
        </test-method> <!-- Browser_Launch -->
        <test-method status="PASS" signature="Test_Case_028()[pri:0, instance:com.webdriveruniversity.testcases.Ajax_Loader_Page_Test@4cb2c100]" name="Test_Case_028" duration-ms="1345" started-at="2022-06-23T04:55:09Z" finished-at="2022-06-23T04:55:10Z">
          <reporter-output>
            <line>
              <![CDATA[Test Case 028 : On Clicking Ajax loader page link, link is redirecting to Ajax Loader Page]]>
            </line>
          </reporter-output>
        </test-method> <!-- Test_Case_028 -->
        <test-method status="PASS" signature="Test_Case_029()[pri:0, instance:com.webdriveruniversity.testcases.Ajax_Loader_Page_Test@4cb2c100]" name="Test_Case_029" duration-ms="8573" started-at="2022-06-23T04:55:10Z" finished-at="2022-06-23T04:55:19Z">
          <reporter-output>
            <line>
              <![CDATA[Test Case 029 : On Clicking Click button Modal Dialog is Displayed with expected text]]>
            </line>
          </reporter-output>
        </test-method> <!-- Test_Case_029 -->
        <test-method status="PASS" signature="Browser_Close()[pri:0, instance:com.webdriveruniversity.testcases.Ajax_Loader_Page_Test@4cb2c100]" name="Browser_Close" is-config="true" duration-ms="1485" started-at="2022-06-23T04:55:19Z" finished-at="2022-06-23T04:55:20Z">
          <reporter-output>
          </reporter-output>
        </test-method> <!-- Browser_Close -->
      </class> <!-- com.webdriveruniversity.testcases.Ajax_Loader_Page_Test -->
      <class name="com.webdriveruniversity.testcases.DCR_Page_Test">
        <test-method status="PASS" signature="Browser_Launch(java.lang.String)[pri:0, instance:com.webdriveruniversity.testcases.DCR_Page_Test@3f2a3a5]" name="Browser_Launch" is-config="true" duration-ms="6289" started-at="2022-06-23T04:53:52Z" finished-at="2022-06-23T04:53:59Z">
          <params>
            <param index="0">
              <value>
                <![CDATA[Chrome]]>
              </value>
            </param>
          </params>
          <reporter-output>
          </reporter-output>
        </test-method> <!-- Browser_Launch -->
        <test-method status="PASS" signature="Test_Case_019()[pri:0, instance:com.webdriveruniversity.testcases.DCR_Page_Test@3f2a3a5]" name="Test_Case_019" duration-ms="4167" started-at="2022-06-23T04:53:59Z" finished-at="2022-06-23T04:54:03Z">
          <reporter-output>
            <line>
              <![CDATA[Test Case 019 : On clicking DCR page link redirecting to DCR Page : true]]>
            </line>
          </reporter-output>
        </test-method> <!-- Test_Case_019 -->
        <test-method status="PASS" signature="Test_Case_020()[pri:0, instance:com.webdriveruniversity.testcases.DCR_Page_Test@3f2a3a5]" name="Test_Case_020" duration-ms="12182" started-at="2022-06-23T04:54:03Z" finished-at="2022-06-23T04:54:15Z">
          <reporter-output>
            <line>
              <![CDATA[Test Case 020 : DropDown one is working according to user expectations : true]]>
            </line>
          </reporter-output>
        </test-method> <!-- Test_Case_020 -->
        <test-method status="PASS" signature="Test_Case_021()[pri:0, instance:com.webdriveruniversity.testcases.DCR_Page_Test@3f2a3a5]" name="Test_Case_021" duration-ms="12177" started-at="2022-06-23T04:54:15Z" finished-at="2022-06-23T04:54:27Z">
          <reporter-output>
            <line>
              <![CDATA[Test Case 021 : DropDown two is working according to user expectations : true]]>
            </line>
          </reporter-output>
        </test-method> <!-- Test_Case_021 -->
        <test-method status="PASS" signature="Test_Case_022()[pri:0, instance:com.webdriveruniversity.testcases.DCR_Page_Test@3f2a3a5]" name="Test_Case_022" duration-ms="12101" started-at="2022-06-23T04:54:27Z" finished-at="2022-06-23T04:54:39Z">
          <reporter-output>
            <line>
              <![CDATA[Test Case 022 : DropDown three is working according to user expectations : true]]>
            </line>
          </reporter-output>
        </test-method> <!-- Test_Case_022 -->
        <test-method status="PASS" signature="Test_Case_023()[pri:0, instance:com.webdriveruniversity.testcases.DCR_Page_Test@3f2a3a5]" name="Test_Case_023" duration-ms="2257" started-at="2022-06-23T04:54:39Z" finished-at="2022-06-23T04:54:42Z">
          <reporter-output>
            <line>
              <![CDATA[Test Case 023 : User able to select first check Box : true]]>
            </line>
          </reporter-output>
        </test-method> <!-- Test_Case_023 -->
        <test-method status="PASS" signature="Test_Case_024()[pri:0, instance:com.webdriveruniversity.testcases.DCR_Page_Test@3f2a3a5]" name="Test_Case_024" duration-ms="2217" started-at="2022-06-23T04:54:42Z" finished-at="2022-06-23T04:54:44Z">
          <reporter-output>
            <line>
              <![CDATA[Test Case 024 : User able to select second check Box : true]]>
            </line>
          </reporter-output>
        </test-method> <!-- Test_Case_024 -->
        <test-method status="PASS" signature="Test_Case_025()[pri:0, instance:com.webdriveruniversity.testcases.DCR_Page_Test@3f2a3a5]" name="Test_Case_025" duration-ms="2184" started-at="2022-06-23T04:54:44Z" finished-at="2022-06-23T04:54:46Z">
          <reporter-output>
            <line>
              <![CDATA[Test Case 025 : User able to unselect third check Box : true]]>
            </line>
          </reporter-output>
        </test-method> <!-- Test_Case_025 -->
        <test-method status="PASS" signature="Test_Case_026()[pri:0, instance:com.webdriveruniversity.testcases.DCR_Page_Test@3f2a3a5]" name="Test_Case_026" duration-ms="2208" started-at="2022-06-23T04:54:46Z" finished-at="2022-06-23T04:54:48Z">
          <reporter-output>
            <line>
              <![CDATA[Test Case 026 : User able to select second check Box : true]]>
            </line>
          </reporter-output>
        </test-method> <!-- Test_Case_026 -->
        <test-method status="PASS" signature="Test_Case_027()[pri:0, instance:com.webdriveruniversity.testcases.DCR_Page_Test@3f2a3a5]" name="Test_Case_027" duration-ms="11171" started-at="2022-06-23T04:54:48Z" finished-at="2022-06-23T04:54:59Z">
          <reporter-output>
            <line>
              <![CDATA[Test Case 027 : Radio Button 1 is Working as Expected : true]]>
            </line>
            <line>
              <![CDATA[Test Case 027 : Radio Button 2 is Working as Expected : true]]>
            </line>
            <line>
              <![CDATA[Test Case 027 : Radio Button 3 is Working as Expected : true]]>
            </line>
            <line>
              <![CDATA[Test Case 027 : Radio Button 4 is Working as Expected : true]]>
            </line>
            <line>
              <![CDATA[Test Case 027 : Radio Button 5 is Working as Expected : true]]>
            </line>
          </reporter-output>
        </test-method> <!-- Test_Case_027 -->
        <test-method status="PASS" signature="Browser_Close()[pri:0, instance:com.webdriveruniversity.testcases.DCR_Page_Test@3f2a3a5]" name="Browser_Close" is-config="true" duration-ms="1742" started-at="2022-06-23T04:54:59Z" finished-at="2022-06-23T04:55:01Z">
          <reporter-output>
          </reporter-output>
        </test-method> <!-- Browser_Close -->
      </class> <!-- com.webdriveruniversity.testcases.DCR_Page_Test -->
      <class name="com.webdriveruniversity.testcases.Actions_Page_Test">
        <test-method status="PASS" signature="Browser_Launch(java.lang.String)[pri:0, instance:com.webdriveruniversity.testcases.Actions_Page_Test@6fb554cc]" name="Browser_Launch" is-config="true" duration-ms="5992" started-at="2022-06-23T04:55:20Z" finished-at="2022-06-23T04:55:26Z">
          <params>
            <param index="0">
              <value>
                <![CDATA[Chrome]]>
              </value>
            </param>
          </params>
          <reporter-output>
          </reporter-output>
        </test-method> <!-- Browser_Launch -->
        <test-method status="PASS" signature="Test_Case_030()[pri:0, instance:com.webdriveruniversity.testcases.Actions_Page_Test@6fb554cc]" name="Test_Case_030" duration-ms="1567" started-at="2022-06-23T04:55:26Z" finished-at="2022-06-23T04:55:28Z">
          <reporter-output>
            <line>
              <![CDATA[Test Case 030 : On Clicking Actions page link, link is redirecting to Actions page]]>
            </line>
          </reporter-output>
        </test-method> <!-- Test_Case_030 -->
        <test-method status="PASS" signature="Test_Case_031()[pri:0, instance:com.webdriveruniversity.testcases.Actions_Page_Test@6fb554cc]" name="Test_Case_031" duration-ms="476" started-at="2022-06-23T04:55:28Z" finished-at="2022-06-23T04:55:28Z">
          <reporter-output>
            <line>
              <![CDATA[Test Case 031 : Drag and Drop is Working as Expected]]>
            </line>
          </reporter-output>
        </test-method> <!-- Test_Case_031 -->
        <test-method status="PASS" signature="Test_Case_032()[pri:0, instance:com.webdriveruniversity.testcases.Actions_Page_Test@6fb554cc]" name="Test_Case_032" duration-ms="2265" started-at="2022-06-23T04:55:28Z" finished-at="2022-06-23T04:55:31Z">
          <reporter-output>
            <line>
              <![CDATA[Test Case 032 : Double click working as expected]]>
            </line>
          </reporter-output>
        </test-method> <!-- Test_Case_032 -->
        <test-method status="PASS" signature="Test_Case_033()[pri:0, instance:com.webdriveruniversity.testcases.Actions_Page_Test@6fb554cc]" name="Test_Case_033" duration-ms="2443" started-at="2022-06-23T04:55:31Z" finished-at="2022-06-23T04:55:33Z">
          <reporter-output>
            <line>
              <![CDATA[Test Case 033 : Mouse Action & Link clicked successfully]]>
            </line>
          </reporter-output>
        </test-method> <!-- Test_Case_033 -->
        <test-method status="PASS" signature="Test_Case_034()[pri:0, instance:com.webdriveruniversity.testcases.Actions_Page_Test@6fb554cc]" name="Test_Case_034" duration-ms="2402" started-at="2022-06-23T04:55:33Z" finished-at="2022-06-23T04:55:35Z">
          <reporter-output>
            <line>
              <![CDATA[Test Case 034 : Mouse Action & Link clicked successfully]]>
            </line>
          </reporter-output>
        </test-method> <!-- Test_Case_034 -->
        <test-method status="PASS" signature="Test_Case_035()[pri:0, instance:com.webdriveruniversity.testcases.Actions_Page_Test@6fb554cc]" name="Test_Case_035" duration-ms="2410" started-at="2022-06-23T04:55:35Z" finished-at="2022-06-23T04:55:38Z">
          <reporter-output>
            <line>
              <![CDATA[Test Case 035 : Mouse Action & Link clicked successfully]]>
            </line>
          </reporter-output>
        </test-method> <!-- Test_Case_035 -->
        <test-method status="PASS" signature="Test_Case_036()[pri:0, instance:com.webdriveruniversity.testcases.Actions_Page_Test@6fb554cc]" name="Test_Case_036" duration-ms="2372" started-at="2022-06-23T04:55:38Z" finished-at="2022-06-23T04:55:40Z">
          <reporter-output>
            <line>
              <![CDATA[Test Case 036 : Mouse Action & Link clicked successfully]]>
            </line>
          </reporter-output>
        </test-method> <!-- Test_Case_036 -->
        <test-method status="PASS" signature="Test_Case_037()[pri:0, instance:com.webdriveruniversity.testcases.Actions_Page_Test@6fb554cc]" name="Test_Case_037" duration-ms="271" started-at="2022-06-23T04:55:40Z" finished-at="2022-06-23T04:55:40Z">
          <reporter-output>
            <line>
              <![CDATA[Test Case 037 : Click & Hold Action wokring as expected]]>
            </line>
          </reporter-output>
        </test-method> <!-- Test_Case_037 -->
        <test-method status="PASS" signature="Browser_Close()[pri:0, instance:com.webdriveruniversity.testcases.Actions_Page_Test@6fb554cc]" name="Browser_Close" is-config="true" duration-ms="1954" started-at="2022-06-23T04:55:40Z" finished-at="2022-06-23T04:55:42Z">
          <reporter-output>
          </reporter-output>
        </test-method> <!-- Browser_Close -->
      </class> <!-- com.webdriveruniversity.testcases.Actions_Page_Test -->
    </test> <!-- MyFirstProject -->
  </suite> <!-- MyFirstProject -->
</testng-results>
