<?xml version="1.0" encoding="UTF-8"?>
<testsuite xmlns:xsi="http://www.w3.org/2001/XMLSchema-instance" xsi:noNamespaceSchemaLocation="https://maven.apache.org/surefire/maven-surefire-plugin/xsd/surefire-test-report-3.0.xsd" version="3.0" name="TestSuite" time="132.915" tests="27" errors="0" skipped="0" failures="0">
  <properties>
[...]
</properties>
  <testcase name="TestCase_001" classname="com.webdriveruniversity.testcases.Login_Page_Test" time="1.634"/>
  <testcase name="TestCase_002" classname="com.webdriveruniversity.testcases.Login_Page_Test" time="1.262"/>
  <testcase name="TestCase_003" classname="com.webdriveruniversity.testcases.Login_Page_Test" time="0.487"/>
  <testcase name="TestCase_004" classname="com.webdriveruniversity.testcases.Login_Page_Test" time="0.485"/>
  <testcase name="TestCase_005" classname="com.webdriveruniversity.testcases.Login_Page_Test" time="0.55"/>
  <testcase name="TestCase_006" classname="com.webdriveruniversity.testcases.Buttons_Page_Test" time="0.873"/>
  <testcase name="TestCase_007" classname="com.webdriveruniversity.testcases.Buttons_Page_Test" time="2.244"/>
  <testcase name="TestCase_008" classname="com.webdriveruniversity.testcases.Buttons_Page_Test" time="2.193"/>
  <testcase name="TestCase_009" classname="com.webdriveruniversity.testcases.Buttons_Page_Test" time="4.319"/>
  <testcase name="Test_Case_010" classname="com.webdriveruniversity.testcases.To_do_List_Test" time="1.173"/>
  <testcase name="Test_Case_011" classname="com.webdriveruniversity.testcases.To_do_List_Test" time="2.151"/>
  <testcase name="Test_Case_012" classname="com.webdriveruniversity.testcases.To_do_List_Test" time="2.168"/>
  <testcase name="Test_Case_013" classname="com.webdriveruniversity.testcases.To_do_List_Test" time="2.195"/>
  <testcase name="Test_Case_014" classname="com.webdriveruniversity.testcases.To_do_List_Test" time="2.228"/>
  <testcase name="Test_Case_015" classname="com.webdriveruniversity.testcases.To_do_List_Test" time="2.163"/>
  <testcase name="Test_Case_016" classname="com.webdriveruniversity.testcases.To_do_List_Test" time="2.155"/>
  <testcase name="Test_Case_017" classname="com.webdriveruniversity.testcases.To_do_List_Test" time="8.428"/>
  <testcase name="Test_Case_018" classname="com.webdriveruniversity.testcases.To_do_List_Test" time="3.043"/>
  <testcase name="Test_Case_019" classname="com.webdriveruniversity.testcases.DCR_Page_Test" time="4.517"/>
  <testcase name="Test_Case_020" classname="com.webdriveruniversity.testcases.DCR_Page_Test" time="11.964"/>
  <testcase name="Test_Case_021" classname="com.webdriveruniversity.testcases.DCR_Page_Test" time="11.954"/>
  <testcase name="Test_Case_022" classname="com.webdriveruniversity.testcases.DCR_Page_Test" time="11.94"/>
  <testcase name="Test_Case_023" classname="com.webdriveruniversity.testcases.DCR_Page_Test" time="2.253"/>
  <testcase name="Test_Case_024" classname="com.webdriveruniversity.testcases.DCR_Page_Test" time="2.191"/>
  <testcase name="Test_Case_025" classname="com.webdriveruniversity.testcases.DCR_Page_Test" time="2.197"/>
  <testcase name="Test_Case_026" classname="com.webdriveruniversity.testcases.DCR_Page_Test" time="2.189"/>
  <testcase name="Test_Case_027" classname="com.webdriveruniversity.testcases.DCR_Page_Test" time="11.263"/>
</testsuite>