<?xml version="1.0" encoding="UTF-8"?>
<!-- Generated by org.testng.reporters.JUnitXMLReporter -->
<testsuite hostname="DESKTOP-NALDS22" ignored="0" name="MyFirstProject" tests="42" failures="0" timestamp="03 Sep 2022 07:00:13 GMT" time="81.978" errors="0">
  <testcase name="TestCase_001" time="1.194" classname="com.webdriveruniversity.testcases.Login_Page_Test"/>
  <testcase name="TestCase_002" time="1.401" classname="com.webdriveruniversity.testcases.Login_Page_Test"/>
  <testcase name="TestCase_003" time="0.504" classname="com.webdriveruniversity.testcases.Login_Page_Test"/>
  <testcase name="TestCase_004" time="0.487" classname="com.webdriveruniversity.testcases.Login_Page_Test"/>
  <testcase name="TestCase_005" time="0.511" classname="com.webdriveruniversity.testcases.Login_Page_Test"/>
  <testcase name="TestCase_006" time="1.09" classname="com.webdriveruniversity.testcases.Buttons_Page_Test"/>
  <testcase name="TestCase_007" time="0.87" classname="com.webdriveruniversity.testcases.Buttons_Page_Test"/>
  <testcase name="TestCase_008" time="0.84" classname="com.webdriveruniversity.testcases.Buttons_Page_Test"/>
  <testcase name="TestCase_009" time="2.963" classname="com.webdriveruniversity.testcases.Buttons_Page_Test"/>
  <testcase name="Test_Case_010" time="1.007" classname="com.webdriveruniversity.testcases.To_do_List_Test"/>
  <testcase name="Test_Case_011" time="0.118" classname="com.webdriveruniversity.testcases.To_do_List_Test"/>
  <testcase name="Test_Case_012" time="0.728" classname="com.webdriveruniversity.testcases.To_do_List_Test"/>
  <testcase name="Test_Case_013" time="0.14" classname="com.webdriveruniversity.testcases.To_do_List_Test"/>
  <testcase name="Test_Case_014" time="0.135" classname="com.webdriveruniversity.testcases.To_do_List_Test"/>
  <testcase name="Test_Case_015" time="0.121" classname="com.webdriveruniversity.testcases.To_do_List_Test"/>
  <testcase name="Test_Case_016" time="0.127" classname="com.webdriveruniversity.testcases.To_do_List_Test"/>
  <testcase name="Test_Case_017" time="1.856" classname="com.webdriveruniversity.testcases.To_do_List_Test"/>
  <testcase name="Test_Case_018" time="0.479" classname="com.webdriveruniversity.testcases.To_do_List_Test"/>
  <testcase name="Test_Case_019" time="1.153" classname="com.webdriveruniversity.testcases.DCR_Page_Test"/>
  <testcase name="Test_Case_020" time="1.633" classname="com.webdriveruniversity.testcases.DCR_Page_Test"/>
  <testcase name="Test_Case_021" time="1.596" classname="com.webdriveruniversity.testcases.DCR_Page_Test"/>
  <testcase name="Test_Case_022" time="1.543" classname="com.webdriveruniversity.testcases.DCR_Page_Test"/>
  <testcase name="Test_Case_023" time="0.144" classname="com.webdriveruniversity.testcases.DCR_Page_Test"/>
  <testcase name="Test_Case_024" time="0.126" classname="com.webdriveruniversity.testcases.DCR_Page_Test"/>
  <testcase name="Test_Case_025" time="0.122" classname="com.webdriveruniversity.testcases.DCR_Page_Test"/>
  <testcase name="Test_Case_026" time="0.156" classname="com.webdriveruniversity.testcases.DCR_Page_Test"/>
  <testcase name="Test_Case_027" time="0.683" classname="com.webdriveruniversity.testcases.DCR_Page_Test"/>
  <testcase name="Test_Case_028" time="1.56" classname="com.webdriveruniversity.testcases.Ajax_Loader_Page_Test"/>
  <testcase name="Test_Case_029" time="7.372" classname="com.webdriveruniversity.testcases.Ajax_Loader_Page_Test"/>
  <testcase name="Test_Case_030" time="1.142" classname="com.webdriveruniversity.testcases.Actions_Page_Test"/>
  <testcase name="Test_Case_031" time="0.395" classname="com.webdriveruniversity.testcases.Actions_Page_Test"/>
  <testcase name="Test_Case_032" time="0.231" classname="com.webdriveruniversity.testcases.Actions_Page_Test"/>
  <testcase name="Test_Case_033" time="0.35" classname="com.webdriveruniversity.testcases.Actions_Page_Test"/>
  <testcase name="Test_Case_034" time="0.324" classname="com.webdriveruniversity.testcases.Actions_Page_Test"/>
  <testcase name="Test_Case_035" time="0.395" classname="com.webdriveruniversity.testcases.Actions_Page_Test"/>
  <testcase name="Test_Case_036" time="0.322" classname="com.webdriveruniversity.testcases.Actions_Page_Test"/>
  <testcase name="Test_Case_037" time="0.236" classname="com.webdriveruniversity.testcases.Actions_Page_Test"/>
  <testcase name="Test_Case_038" time="0.984" classname="com.webdriveruniversity.testcases.Scrolling_Page_Test"/>
  <testcase name="Test_Case_039" time="0.21" classname="com.webdriveruniversity.testcases.Scrolling_Page_Test"/>
  <testcase name="Test_Case_040" time="0.196" classname="com.webdriveruniversity.testcases.Scrolling_Page_Test"/>
  <testcase name="Test_Case_041" time="0.19" classname="com.webdriveruniversity.testcases.Scrolling_Page_Test"/>
  <testcase name="Test_Case_042" time="1.277" classname="com.webdriveruniversity.testcases.Scrolling_Page_Test"/>
</testsuite> <!-- MyFirstProject -->
